<!DOCTYPE html>

<html>
  <head>
  <title>TestNG reports</title>

    <link type="text/css" href="testng-reports.css" rel="stylesheet" />  
    <script type="text/javascript" src="jquery-1.7.1.min.js"></script>
    <script type="text/javascript" src="testng-reports.js"></script>
    <script type="text/javascript" src="https://www.google.com/jsapi"></script>
    <script type='text/javascript'>
      google.load('visualization', '1', {packages:['table']});
      google.setOnLoadCallback(drawTable);
      var suiteTableInitFunctions = new Array();
      var suiteTableData = new Array();
    </script>
    <!--
      <script type="text/javascript" src="jquery-ui/js/jquery-ui-1.8.16.custom.min.js"></script>
     -->
  </head>

  <body>
    <div class="top-banner-root">
      <span class="top-banner-title-font">Test results</span>
      <br/>
      <span class="top-banner-font-1">1 suite, 7 failed tests</span>
    </div> <!-- top-banner-root -->
    <div class="navigator-root">
      <div class="navigator-suite-header">
        <span>All suites</span>
        <a href="#" class="collapse-all-link" title="Collapse/expand all the suites">
          <img class="collapse-all-icon" src="collapseall.gif">
          </img> <!-- collapse-all-icon -->
        </a> <!-- collapse-all-link -->
      </div> <!-- navigator-suite-header -->
      <div class="suite">
        <div class="rounded-window">
          <div class="suite-header light-rounded-window-top">
            <a href="#" class="navigator-link" panel-name="suite-Suite1">
              <span class="suite-name border-failed">Suite1</span>
            </a> <!-- navigator-link -->
          </div> <!-- suite-header light-rounded-window-top -->
          <div class="navigator-suite-content">
            <div class="suite-section-title">
              <span>Info</span>
            </div> <!-- suite-section-title -->
            <div class="suite-section-content">
              <ul>
                <li>
                  <a href="#" class="navigator-link " panel-name="test-xml-Suite1">
                    <span>C:\Selenium_Training\Softwares\Day1-9\Selenium_Projects_Workspace\Final_Assessment\testng.xml</span>
                  </a> <!-- navigator-link  -->
                </li>
                <li>
                  <a href="#" class="navigator-link " panel-name="testlist-Suite1">
                    <span class="test-stats">1 test</span>
                  </a> <!-- navigator-link  -->
                </li>
                <li>
                  <a href="#" class="navigator-link " panel-name="group-Suite1">
                    <span>0 groups</span>
                  </a> <!-- navigator-link  -->
                </li>
                <li>
                  <a href="#" class="navigator-link " panel-name="times-Suite1">
                    <span>Times</span>
                  </a> <!-- navigator-link  -->
                </li>
                <li>
                  <a href="#" class="navigator-link " panel-name="reporter-Suite1">
                    <span>Reporter output</span>
                  </a> <!-- navigator-link  -->
                </li>
                <li>
                  <a href="#" class="navigator-link " panel-name="ignored-methods-Suite1">
                    <span>Ignored methods</span>
                  </a> <!-- navigator-link  -->
                </li>
                <li>
                  <a href="#" class="navigator-link " panel-name="chronological-Suite1">
                    <span>Chronological view</span>
                  </a> <!-- navigator-link  -->
                </li>
              </ul>
            </div> <!-- suite-section-content -->
            <div class="result-section">
              <div class="suite-section-title">
                <span>Results</span>
              </div> <!-- suite-section-title -->
              <div class="suite-section-content">
                <ul>
                  <li>
                    <span class="method-stats">11 methods, 7 failed,   4 passed</span>
                  </li>
                  <li>
                    <span class="method-list-title failed">Failed methods</span>
                    <span class="show-or-hide-methods failed">
                      <a href="#" panel-name="suite-Suite1" class="hide-methods failed suite-Suite1"> (hide)</a> <!-- hide-methods failed suite-Suite1 -->
                      <a href="#" panel-name="suite-Suite1" class="show-methods failed suite-Suite1"> (show)</a> <!-- show-methods failed suite-Suite1 -->
                    </span>
                    <div class="method-list-content failed suite-Suite1">
                      <span>
                        <img width="3%" src="failed.png"/>
                        <a href="#" class="method navigator-link" panel-name="suite-Suite1" title="com.project.testcases.PurchaseProducts" hash-for-method="createOrder({password=test123, cell=1234567890, addlastname=usertest, fbUser=test, loginErrorMessage=There is 1 ...)">createOrder({password=test123, cell=1234567890, addlastname=usertest, fbUser=test, loginErrorMessage=There is 1 ...)</a> <!-- method navigator-link -->
                      </span>
                      <br/>
                      <span>
                        <img width="3%" src="failed.png"/>
                        <a href="#" class="method navigator-link" panel-name="suite-Suite1" title="com.project.testcases.TestSearch" hash-for-method="enterFaceBook({password=test123, cell=1234567890, addlastname=usertest, fbUser=test, loginErrorMessage=There is 1 ...)">enterFaceBook({password=test123, cell=1234567890, addlastname=usertest, fbUser=test, loginErrorMessage=There is 1 ...)</a> <!-- method navigator-link -->
                      </span>
                      <br/>
                      <span>
                        <img width="3%" src="failed.png"/>
                        <a href="#" class="method navigator-link" panel-name="suite-Suite1" title="com.project.testcases.TestSearch" hash-for-method="enterGPlus({password=test123, cell=1234567890, addlastname=usertest, fbUser=test, loginErrorMessage=There is 1 ...)">enterGPlus({password=test123, cell=1234567890, addlastname=usertest, fbUser=test, loginErrorMessage=There is 1 ...)</a> <!-- method navigator-link -->
                      </span>
                      <br/>
                      <span>
                        <img width="3%" src="failed.png"/>
                        <a href="#" class="method navigator-link" panel-name="suite-Suite1" title="com.project.testcases.TestSearch" hash-for-method="enterPinterest({password=test123, cell=1234567890, addlastname=usertest, fbUser=test, loginErrorMessage=There is 1 ...)">enterPinterest({password=test123, cell=1234567890, addlastname=usertest, fbUser=test, loginErrorMessage=There is 1 ...)</a> <!-- method navigator-link -->
                      </span>
                      <br/>
                      <span>
                        <img width="3%" src="failed.png"/>
                        <a href="#" class="method navigator-link" panel-name="suite-Suite1" title="com.project.testcases.TestSearch" hash-for-method="enterReview({password=test123, cell=1234567890, addlastname=usertest, fbUser=test, loginErrorMessage=There is 1 ...)">enterReview({password=test123, cell=1234567890, addlastname=usertest, fbUser=test, loginErrorMessage=There is 1 ...)</a> <!-- method navigator-link -->
                      </span>
                      <br/>
                      <span>
                        <img width="3%" src="failed.png"/>
                        <a href="#" class="method navigator-link" panel-name="suite-Suite1" title="com.project.testcases.TestSearch" hash-for-method="searchProduct({password=test123, cell=1234567890, addlastname=usertest, fbUser=test, loginErrorMessage=There is 1 ...)">searchProduct({password=test123, cell=1234567890, addlastname=usertest, fbUser=test, loginErrorMessage=There is 1 ...)</a> <!-- method navigator-link -->
                      </span>
                      <br/>
                      <span>
                        <img width="3%" src="failed.png"/>
                        <a href="#" class="method navigator-link" panel-name="suite-Suite1" title="com.project.testcases.TestLogin" hash-for-method="testValidLogin({password=test123, cell=1234567890, addlastname=usertest, fbUser=test, loginErrorMessage=There is 1 ...)">testValidLogin({password=test123, cell=1234567890, addlastname=usertest, fbUser=test, loginErrorMessage=There is 1 ...)</a> <!-- method navigator-link -->
                      </span>
                      <br/>
                    </div> <!-- method-list-content failed suite-Suite1 -->
                  </li>
                  <li>
                    <span class="method-list-title passed">Passed methods</span>
                    <span class="show-or-hide-methods passed">
                      <a href="#" panel-name="suite-Suite1" class="hide-methods passed suite-Suite1"> (hide)</a> <!-- hide-methods passed suite-Suite1 -->
                      <a href="#" panel-name="suite-Suite1" class="show-methods passed suite-Suite1"> (show)</a> <!-- show-methods passed suite-Suite1 -->
                    </span>
                    <div class="method-list-content passed suite-Suite1">
                      <span>
                        <img width="3%" src="passed.png"/>
                        <a href="#" class="method navigator-link" panel-name="suite-Suite1" title="com.project.testcases.CreateNewAccount" hash-for-method="accountSetup({password=test123, cell=1234567890, addlastname=usertest, fbUser=test, loginErrorMessage=There is 1 ...)">accountSetup({password=test123, cell=1234567890, addlastname=usertest, fbUser=test, loginErrorMessage=There is 1 ...)</a> <!-- method navigator-link -->
                      </span>
                      <br/>
                      <span>
                        <img width="3%" src="passed.png"/>
                        <a href="#" class="method navigator-link" panel-name="suite-Suite1" title="com.project.testcases.TestCountryField" hash-for-method="checkCountry({password=test123, cell=1234567890, addlastname=usertest, fbUser=test, loginErrorMessage=There is 1 ...)">checkCountry({password=test123, cell=1234567890, addlastname=usertest, fbUser=test, loginErrorMessage=There is 1 ...)</a> <!-- method navigator-link -->
                      </span>
                      <br/>
                      <span>
                        <img width="3%" src="passed.png"/>
                        <a href="#" class="method navigator-link" panel-name="suite-Suite1" title="com.project.testcases.TestSearch" hash-for-method="searchManufacturer({password=test123, cell=1234567890, addlastname=usertest, fbUser=test, loginErrorMessage=There is 1 ...)">searchManufacturer({password=test123, cell=1234567890, addlastname=usertest, fbUser=test, loginErrorMessage=There is 1 ...)</a> <!-- method navigator-link -->
                      </span>
                      <br/>
                      <span>
                        <img width="3%" src="passed.png"/>
                        <a href="#" class="method navigator-link" panel-name="suite-Suite1" title="com.project.testcases.TestLogin" hash-for-method="testInValidLogin({password=test123, cell=1234567890, addlastname=usertest, fbUser=test, loginErrorMessage=There is 1 ...)">testInValidLogin({password=test123, cell=1234567890, addlastname=usertest, fbUser=test, loginErrorMessage=There is 1 ...)</a> <!-- method navigator-link -->
                      </span>
                      <br/>
                    </div> <!-- method-list-content passed suite-Suite1 -->
                  </li>
                </ul>
              </div> <!-- suite-section-content -->
            </div> <!-- result-section -->
          </div> <!-- navigator-suite-content -->
        </div> <!-- rounded-window -->
      </div> <!-- suite -->
    </div> <!-- navigator-root -->
    <div class="wrapper">
      <div class="main-panel-root">
        <div panel-name="suite-Suite1" class="panel Suite1">
          <div class="suite-Suite1-class-failed">
            <div class="main-panel-header rounded-window-top">
              <img src="failed.png"/>
              <span class="class-name">com.project.testcases.TestSearch</span>
            </div> <!-- main-panel-header rounded-window-top -->
            <div class="main-panel-content rounded-window-bottom">
              <div class="method">
                <div class="method-content">
                  <a name="enterFaceBook({password=test123, cell=1234567890, addlastname=usertest, fbUser=test, loginErrorMessage=There is 1 ...)">
                  </a> <!-- enterFaceBook({password=test123, cell=1234567890, addlastname=usertest, fbUser=test, loginErrorMessage=There is 1 ...) -->
                  <span class="method-name">enterFaceBook</span>
                  <span class="parameters">({password=test123, cell=1234567890, addlastname=usertest, fbUser=test, loginErrorMessage=There is 1 error, fbPass=test, address=123 test street, verifyLogout=Sign out, state=Georgia, lastname=usertest, cindex=-, pintUser=test, sResult=            1 result has been found.        , searchItem3=skirt, pintPass=test, searchItem2=shirt, searchItem1=Blouse, loginEmail=testwebsite15@test.com, email=testuser@test.com, addfirstname=testuser, country=United States, reviewTitle=test, productResult=Blouse, city=Marietta, orderConfirmation=Your order on My Store is complete., firstname=testuser, commentAlert=div, zip=30064, loginPassword=test123, manSearchResults=No results were found for your search "Gap", manufacturer=Gap})</span>
                  <div class="stack-trace">org.openqa.selenium.NoSuchElementException: no such element: Unable to locate element: {&quot;method&quot;:&quot;xpath&quot;,&quot;selector&quot;:&quot;//*[@itemprop=&apos;name&apos;]/a&quot;}
  (Session info: chrome=87.0.4280.88)
For documentation on this error, please visit: https://www.seleniumhq.org/exceptions/no_such_element.html
Build info: version: &apos;3.141.59&apos;, revision: &apos;e82be7d358&apos;, time: &apos;2018-11-14T08:17:03&apos;
System info: host: &apos;JAISHANDELL&apos;, ip: &apos;192.168.56.1&apos;, os.name: &apos;Windows 10&apos;, os.arch: &apos;amd64&apos;, os.version: &apos;10.0&apos;, java.version: &apos;1.8.0_271&apos;
Driver info: org.openqa.selenium.chrome.ChromeDriver
Capabilities {acceptInsecureCerts: false, browserName: chrome, browserVersion: 87.0.4280.88, chrome: {chromedriverVersion: 86.0.4240.22 (398b0743353ff..., userDataDir: C:\Users\admin\AppData\Loca...}, goog:chromeOptions: {debuggerAddress: localhost:51056}, javascriptEnabled: true, networkConnectionEnabled: false, pageLoadStrategy: normal, platform: WINDOWS, platformName: WINDOWS, proxy: Proxy(), setWindowRect: true, strictFileInteractability: false, timeouts: {implicit: 0, pageLoad: 300000, script: 30000}, unhandledPromptBehavior: dismiss and notify, webauthn:virtualAuthenticators: true}
Session ID: 7409dfe7300d3c2a5e3e81262540c37c
*** Element info: {Using=xpath, value=//*[@itemprop=&apos;name&apos;]/a}
	at org.openqa.selenium.remote.http.W3CHttpResponseCodec.createException(W3CHttpResponseCodec.java:187)
	at org.openqa.selenium.remote.http.W3CHttpResponseCodec.decode(W3CHttpResponseCodec.java:122)
	at org.openqa.selenium.remote.http.W3CHttpResponseCodec.decode(W3CHttpResponseCodec.java:49)
	at org.openqa.selenium.remote.HttpCommandExecutor.execute(HttpCommandExecutor.java:158)
	at org.openqa.selenium.remote.service.DriverCommandExecutor.execute(DriverCommandExecutor.java:83)
	at org.openqa.selenium.remote.RemoteWebDriver.execute(RemoteWebDriver.java:552)
	at org.openqa.selenium.remote.RemoteWebDriver.findElement(RemoteWebDriver.java:323)
	at org.openqa.selenium.remote.RemoteWebDriver.findElementByXPath(RemoteWebDriver.java:428)
	at org.openqa.selenium.By$ByXPath.findElement(By.java:353)
	at org.openqa.selenium.remote.RemoteWebDriver.findElement(RemoteWebDriver.java:315)
	at org.openqa.selenium.support.pagefactory.DefaultElementLocator.findElement(DefaultElementLocator.java:69)
	at org.openqa.selenium.support.pagefactory.internal.LocatingElementHandler.invoke(LocatingElementHandler.java:38)
	at com.sun.proxy.$Proxy10.click(Unknown Source)
	at com.project.pages.ProductPage.clickProduct1(ProductPage.java:94)
	at com.project.testcases.TestSearch.enterFaceBook(TestSearch.java:132)
... Removed 30 stack frames
</div> <!-- stack-trace -->
                </div> <!-- method-content -->
              </div> <!-- method -->
              <div class="method">
                <div class="method-content">
                  <a name="enterGPlus({password=test123, cell=1234567890, addlastname=usertest, fbUser=test, loginErrorMessage=There is 1 ...)">
                  </a> <!-- enterGPlus({password=test123, cell=1234567890, addlastname=usertest, fbUser=test, loginErrorMessage=There is 1 ...) -->
                  <span class="method-name">enterGPlus</span>
                  <span class="parameters">({password=test123, cell=1234567890, addlastname=usertest, fbUser=test, loginErrorMessage=There is 1 error, fbPass=test, address=123 test street, verifyLogout=Sign out, state=Georgia, lastname=usertest, cindex=-, pintUser=test, sResult=            1 result has been found.        , searchItem3=skirt, pintPass=test, searchItem2=shirt, searchItem1=Blouse, loginEmail=testwebsite15@test.com, email=testuser@test.com, addfirstname=testuser, country=United States, reviewTitle=test, productResult=Blouse, city=Marietta, orderConfirmation=Your order on My Store is complete., firstname=testuser, commentAlert=div, zip=30064, loginPassword=test123, manSearchResults=No results were found for your search "Gap", manufacturer=Gap})</span>
                  <div class="stack-trace">org.openqa.selenium.NoSuchElementException: no such element: Unable to locate element: {&quot;method&quot;:&quot;xpath&quot;,&quot;selector&quot;:&quot;//*[@itemprop=&apos;name&apos;]/a&quot;}
  (Session info: chrome=87.0.4280.88)
For documentation on this error, please visit: https://www.seleniumhq.org/exceptions/no_such_element.html
Build info: version: &apos;3.141.59&apos;, revision: &apos;e82be7d358&apos;, time: &apos;2018-11-14T08:17:03&apos;
System info: host: &apos;JAISHANDELL&apos;, ip: &apos;192.168.56.1&apos;, os.name: &apos;Windows 10&apos;, os.arch: &apos;amd64&apos;, os.version: &apos;10.0&apos;, java.version: &apos;1.8.0_271&apos;
Driver info: org.openqa.selenium.chrome.ChromeDriver
Capabilities {acceptInsecureCerts: false, browserName: chrome, browserVersion: 87.0.4280.88, chrome: {chromedriverVersion: 86.0.4240.22 (398b0743353ff..., userDataDir: C:\Users\admin\AppData\Loca...}, goog:chromeOptions: {debuggerAddress: localhost:51129}, javascriptEnabled: true, networkConnectionEnabled: false, pageLoadStrategy: normal, platform: WINDOWS, platformName: WINDOWS, proxy: Proxy(), setWindowRect: true, strictFileInteractability: false, timeouts: {implicit: 0, pageLoad: 300000, script: 30000}, unhandledPromptBehavior: dismiss and notify, webauthn:virtualAuthenticators: true}
Session ID: 78424696a89c826fa9b76c5e7d8af07c
*** Element info: {Using=xpath, value=//*[@itemprop=&apos;name&apos;]/a}
	at org.openqa.selenium.remote.http.W3CHttpResponseCodec.createException(W3CHttpResponseCodec.java:187)
	at org.openqa.selenium.remote.http.W3CHttpResponseCodec.decode(W3CHttpResponseCodec.java:122)
	at org.openqa.selenium.remote.http.W3CHttpResponseCodec.decode(W3CHttpResponseCodec.java:49)
	at org.openqa.selenium.remote.HttpCommandExecutor.execute(HttpCommandExecutor.java:158)
	at org.openqa.selenium.remote.service.DriverCommandExecutor.execute(DriverCommandExecutor.java:83)
	at org.openqa.selenium.remote.RemoteWebDriver.execute(RemoteWebDriver.java:552)
	at org.openqa.selenium.remote.RemoteWebDriver.findElement(RemoteWebDriver.java:323)
	at org.openqa.selenium.remote.RemoteWebDriver.findElementByXPath(RemoteWebDriver.java:428)
	at org.openqa.selenium.By$ByXPath.findElement(By.java:353)
	at org.openqa.selenium.remote.RemoteWebDriver.findElement(RemoteWebDriver.java:315)
	at org.openqa.selenium.support.pagefactory.DefaultElementLocator.findElement(DefaultElementLocator.java:69)
	at org.openqa.selenium.support.pagefactory.internal.LocatingElementHandler.invoke(LocatingElementHandler.java:38)
	at com.sun.proxy.$Proxy10.click(Unknown Source)
	at com.project.pages.ProductPage.clickProduct1(ProductPage.java:94)
	at com.project.testcases.TestSearch.enterGPlus(TestSearch.java:151)
... Removed 30 stack frames
</div> <!-- stack-trace -->
                </div> <!-- method-content -->
              </div> <!-- method -->
              <div class="method">
                <div class="method-content">
                  <a name="enterPinterest({password=test123, cell=1234567890, addlastname=usertest, fbUser=test, loginErrorMessage=There is 1 ...)">
                  </a> <!-- enterPinterest({password=test123, cell=1234567890, addlastname=usertest, fbUser=test, loginErrorMessage=There is 1 ...) -->
                  <span class="method-name">enterPinterest</span>
                  <span class="parameters">({password=test123, cell=1234567890, addlastname=usertest, fbUser=test, loginErrorMessage=There is 1 error, fbPass=test, address=123 test street, verifyLogout=Sign out, state=Georgia, lastname=usertest, cindex=-, pintUser=test, sResult=            1 result has been found.        , searchItem3=skirt, pintPass=test, searchItem2=shirt, searchItem1=Blouse, loginEmail=testwebsite15@test.com, email=testuser@test.com, addfirstname=testuser, country=United States, reviewTitle=test, productResult=Blouse, city=Marietta, orderConfirmation=Your order on My Store is complete., firstname=testuser, commentAlert=div, zip=30064, loginPassword=test123, manSearchResults=No results were found for your search "Gap", manufacturer=Gap})</span>
                  <div class="stack-trace">org.openqa.selenium.NoSuchElementException: no such element: Unable to locate element: {&quot;method&quot;:&quot;xpath&quot;,&quot;selector&quot;:&quot;//*[@itemprop=&apos;name&apos;]/a&quot;}
  (Session info: chrome=87.0.4280.88)
For documentation on this error, please visit: https://www.seleniumhq.org/exceptions/no_such_element.html
Build info: version: &apos;3.141.59&apos;, revision: &apos;e82be7d358&apos;, time: &apos;2018-11-14T08:17:03&apos;
System info: host: &apos;JAISHANDELL&apos;, ip: &apos;192.168.56.1&apos;, os.name: &apos;Windows 10&apos;, os.arch: &apos;amd64&apos;, os.version: &apos;10.0&apos;, java.version: &apos;1.8.0_271&apos;
Driver info: org.openqa.selenium.chrome.ChromeDriver
Capabilities {acceptInsecureCerts: false, browserName: chrome, browserVersion: 87.0.4280.88, chrome: {chromedriverVersion: 86.0.4240.22 (398b0743353ff..., userDataDir: C:\Users\admin\AppData\Loca...}, goog:chromeOptions: {debuggerAddress: localhost:50979}, javascriptEnabled: true, networkConnectionEnabled: false, pageLoadStrategy: normal, platform: WINDOWS, platformName: WINDOWS, proxy: Proxy(), setWindowRect: true, strictFileInteractability: false, timeouts: {implicit: 0, pageLoad: 300000, script: 30000}, unhandledPromptBehavior: dismiss and notify, webauthn:virtualAuthenticators: true}
Session ID: c49a9099ad4f6bbc1ca84dab561a301a
*** Element info: {Using=xpath, value=//*[@itemprop=&apos;name&apos;]/a}
	at org.openqa.selenium.remote.http.W3CHttpResponseCodec.createException(W3CHttpResponseCodec.java:187)
	at org.openqa.selenium.remote.http.W3CHttpResponseCodec.decode(W3CHttpResponseCodec.java:122)
	at org.openqa.selenium.remote.http.W3CHttpResponseCodec.decode(W3CHttpResponseCodec.java:49)
	at org.openqa.selenium.remote.HttpCommandExecutor.execute(HttpCommandExecutor.java:158)
	at org.openqa.selenium.remote.service.DriverCommandExecutor.execute(DriverCommandExecutor.java:83)
	at org.openqa.selenium.remote.RemoteWebDriver.execute(RemoteWebDriver.java:552)
	at org.openqa.selenium.remote.RemoteWebDriver.findElement(RemoteWebDriver.java:323)
	at org.openqa.selenium.remote.RemoteWebDriver.findElementByXPath(RemoteWebDriver.java:428)
	at org.openqa.selenium.By$ByXPath.findElement(By.java:353)
	at org.openqa.selenium.remote.RemoteWebDriver.findElement(RemoteWebDriver.java:315)
	at org.openqa.selenium.support.pagefactory.DefaultElementLocator.findElement(DefaultElementLocator.java:69)
	at org.openqa.selenium.support.pagefactory.internal.LocatingElementHandler.invoke(LocatingElementHandler.java:38)
	at com.sun.proxy.$Proxy10.click(Unknown Source)
	at com.project.pages.ProductPage.clickProduct1(ProductPage.java:94)
	at com.project.testcases.TestSearch.enterPinterest(TestSearch.java:111)
... Removed 30 stack frames
</div> <!-- stack-trace -->
                </div> <!-- method-content -->
              </div> <!-- method -->
              <div class="method">
                <div class="method-content">
                  <a name="enterReview({password=test123, cell=1234567890, addlastname=usertest, fbUser=test, loginErrorMessage=There is 1 ...)">
                  </a> <!-- enterReview({password=test123, cell=1234567890, addlastname=usertest, fbUser=test, loginErrorMessage=There is 1 ...) -->
                  <span class="method-name">enterReview</span>
                  <span class="parameters">({password=test123, cell=1234567890, addlastname=usertest, fbUser=test, loginErrorMessage=There is 1 error, fbPass=test, address=123 test street, verifyLogout=Sign out, state=Georgia, lastname=usertest, cindex=-, pintUser=test, sResult=            1 result has been found.        , searchItem3=skirt, pintPass=test, searchItem2=shirt, searchItem1=Blouse, loginEmail=testwebsite15@test.com, email=testuser@test.com, addfirstname=testuser, country=United States, reviewTitle=test, productResult=Blouse, city=Marietta, orderConfirmation=Your order on My Store is complete., firstname=testuser, commentAlert=div, zip=30064, loginPassword=test123, manSearchResults=No results were found for your search "Gap", manufacturer=Gap})</span>
                  <div class="stack-trace">org.openqa.selenium.NoSuchElementException: no such element: Unable to locate element: {&quot;method&quot;:&quot;xpath&quot;,&quot;selector&quot;:&quot;//*[@itemprop=&apos;name&apos;]/a&quot;}
  (Session info: chrome=87.0.4280.88)
For documentation on this error, please visit: https://www.seleniumhq.org/exceptions/no_such_element.html
Build info: version: &apos;3.141.59&apos;, revision: &apos;e82be7d358&apos;, time: &apos;2018-11-14T08:17:03&apos;
System info: host: &apos;JAISHANDELL&apos;, ip: &apos;192.168.56.1&apos;, os.name: &apos;Windows 10&apos;, os.arch: &apos;amd64&apos;, os.version: &apos;10.0&apos;, java.version: &apos;1.8.0_271&apos;
Driver info: org.openqa.selenium.chrome.ChromeDriver
Capabilities {acceptInsecureCerts: false, browserName: chrome, browserVersion: 87.0.4280.88, chrome: {chromedriverVersion: 86.0.4240.22 (398b0743353ff..., userDataDir: C:\Users\admin\AppData\Loca...}, goog:chromeOptions: {debuggerAddress: localhost:50898}, javascriptEnabled: true, networkConnectionEnabled: false, pageLoadStrategy: normal, platform: WINDOWS, platformName: WINDOWS, proxy: Proxy(), setWindowRect: true, strictFileInteractability: false, timeouts: {implicit: 0, pageLoad: 300000, script: 30000}, unhandledPromptBehavior: dismiss and notify, webauthn:virtualAuthenticators: true}
Session ID: 189e3e7067fd1ff2af957a6a8cf36050
*** Element info: {Using=xpath, value=//*[@itemprop=&apos;name&apos;]/a}
	at org.openqa.selenium.remote.http.W3CHttpResponseCodec.createException(W3CHttpResponseCodec.java:187)
	at org.openqa.selenium.remote.http.W3CHttpResponseCodec.decode(W3CHttpResponseCodec.java:122)
	at org.openqa.selenium.remote.http.W3CHttpResponseCodec.decode(W3CHttpResponseCodec.java:49)
	at org.openqa.selenium.remote.HttpCommandExecutor.execute(HttpCommandExecutor.java:158)
	at org.openqa.selenium.remote.service.DriverCommandExecutor.execute(DriverCommandExecutor.java:83)
	at org.openqa.selenium.remote.RemoteWebDriver.execute(RemoteWebDriver.java:552)
	at org.openqa.selenium.remote.RemoteWebDriver.findElement(RemoteWebDriver.java:323)
	at org.openqa.selenium.remote.RemoteWebDriver.findElementByXPath(RemoteWebDriver.java:428)
	at org.openqa.selenium.By$ByXPath.findElement(By.java:353)
	at org.openqa.selenium.remote.RemoteWebDriver.findElement(RemoteWebDriver.java:315)
	at org.openqa.selenium.support.pagefactory.DefaultElementLocator.findElement(DefaultElementLocator.java:69)
	at org.openqa.selenium.support.pagefactory.internal.LocatingElementHandler.invoke(LocatingElementHandler.java:38)
	at com.sun.proxy.$Proxy10.click(Unknown Source)
	at com.project.pages.ProductPage.clickProduct1(ProductPage.java:94)
	at com.project.testcases.TestSearch.enterReview(TestSearch.java:87)
... Removed 30 stack frames
</div> <!-- stack-trace -->
                </div> <!-- method-content -->
              </div> <!-- method -->
              <div class="method">
                <div class="method-content">
                  <a name="searchProduct({password=test123, cell=1234567890, addlastname=usertest, fbUser=test, loginErrorMessage=There is 1 ...)">
                  </a> <!-- searchProduct({password=test123, cell=1234567890, addlastname=usertest, fbUser=test, loginErrorMessage=There is 1 ...) -->
                  <span class="method-name">searchProduct</span>
                  <span class="parameters">({password=test123, cell=1234567890, addlastname=usertest, fbUser=test, loginErrorMessage=There is 1 error, fbPass=test, address=123 test street, verifyLogout=Sign out, state=Georgia, lastname=usertest, cindex=-, pintUser=test, sResult=            1 result has been found.        , searchItem3=skirt, pintPass=test, searchItem2=shirt, searchItem1=Blouse, loginEmail=testwebsite15@test.com, email=testuser@test.com, addfirstname=testuser, country=United States, reviewTitle=test, productResult=Blouse, city=Marietta, orderConfirmation=Your order on My Store is complete., firstname=testuser, commentAlert=div, zip=30064, loginPassword=test123, manSearchResults=No results were found for your search "Gap", manufacturer=Gap})</span>
                  <div class="stack-trace">org.openqa.selenium.TimeoutException: Expected condition failed: waiting for presence of element located by: By.xpath: //*[@id=&apos;center_column&apos;]/h1/span[2] (tried for 10 second(s) with 500 milliseconds interval)
	at org.openqa.selenium.support.ui.WebDriverWait.timeoutException(WebDriverWait.java:95)
	at org.openqa.selenium.support.ui.FluentWait.until(FluentWait.java:272)
	at com.project.pages.CreateAccountPage.clickSearchProduct(CreateAccountPage.java:300)
	at com.project.testcases.TestSearch.searchProduct(TestSearch.java:69)
Caused by: org.openqa.selenium.NoSuchElementException: no such element: Unable to locate element: {&quot;method&quot;:&quot;xpath&quot;,&quot;selector&quot;:&quot;//*[@id=&apos;center_column&apos;]/h1/span[2]&quot;}
  (Session info: chrome=87.0.4280.88)
For documentation on this error, please visit: https://www.seleniumhq.org/exceptions/no_such_element.html
Build info: version: &apos;3.141.59&apos;, revision: &apos;e82be7d358&apos;, time: &apos;2018-11-14T08:17:03&apos;
System info: host: &apos;JAISHANDELL&apos;, ip: &apos;192.168.56.1&apos;, os.name: &apos;Windows 10&apos;, os.arch: &apos;amd64&apos;, os.version: &apos;10.0&apos;, java.version: &apos;1.8.0_271&apos;
Driver info: org.openqa.selenium.chrome.ChromeDriver
Capabilities {acceptInsecureCerts: false, browserName: chrome, browserVersion: 87.0.4280.88, chrome: {chromedriverVersion: 86.0.4240.22 (398b0743353ff..., userDataDir: C:\Users\admin\AppData\Loca...}, goog:chromeOptions: {debuggerAddress: localhost:50622}, javascriptEnabled: true, networkConnectionEnabled: false, pageLoadStrategy: normal, platform: WINDOWS, platformName: WINDOWS, proxy: Proxy(), setWindowRect: true, strictFileInteractability: false, timeouts: {implicit: 0, pageLoad: 300000, script: 30000}, unhandledPromptBehavior: dismiss and notify, webauthn:virtualAuthenticators: true}
Session ID: 59155caa86f44faa710edce6cdd0aa09
*** Element info: {Using=xpath, value=//*[@id=&apos;center_column&apos;]/h1/span[2]}
	at org.openqa.selenium.remote.http.W3CHttpResponseCodec.createException(W3CHttpResponseCodec.java:187)
	at org.openqa.selenium.remote.http.W3CHttpResponseCodec.decode(W3CHttpResponseCodec.java:122)
	at org.openqa.selenium.remote.http.W3CHttpResponseCodec.decode(W3CHttpResponseCodec.java:49)
	at org.openqa.selenium.remote.HttpCommandExecutor.execute(HttpCommandExecutor.java:158)
	at org.openqa.selenium.remote.service.DriverCommandExecutor.execute(DriverCommandExecutor.java:83)
	at org.openqa.selenium.remote.RemoteWebDriver.execute(RemoteWebDriver.java:552)
	at org.openqa.selenium.remote.RemoteWebDriver.findElement(RemoteWebDriver.java:323)
	at org.openqa.selenium.remote.RemoteWebDriver.findElementByXPath(RemoteWebDriver.java:428)
	at org.openqa.selenium.By$ByXPath.findElement(By.java:353)
	at org.openqa.selenium.remote.RemoteWebDriver.findElement(RemoteWebDriver.java:315)
	at org.openqa.selenium.support.ui.ExpectedConditions$6.apply(ExpectedConditions.java:182)
	at org.openqa.selenium.support.ui.ExpectedConditions$6.apply(ExpectedConditions.java:179)
	at org.openqa.selenium.support.ui.FluentWait.until(FluentWait.java:249)
	... 29 more
... Removed 30 stack frames
</div> <!-- stack-trace -->
                </div> <!-- method-content -->
              </div> <!-- method -->
            </div> <!-- main-panel-content rounded-window-bottom -->
          </div> <!-- suite-Suite1-class-failed -->
          <div class="suite-Suite1-class-failed">
            <div class="main-panel-header rounded-window-top">
              <img src="failed.png"/>
              <span class="class-name">com.project.testcases.TestLogin</span>
            </div> <!-- main-panel-header rounded-window-top -->
            <div class="main-panel-content rounded-window-bottom">
              <div class="method">
                <div class="method-content">
                  <a name="testValidLogin({password=test123, cell=1234567890, addlastname=usertest, fbUser=test, loginErrorMessage=There is 1 ...)">
                  </a> <!-- testValidLogin({password=test123, cell=1234567890, addlastname=usertest, fbUser=test, loginErrorMessage=There is 1 ...) -->
                  <span class="method-name">testValidLogin</span>
                  <span class="parameters">({password=test123, cell=1234567890, addlastname=usertest, fbUser=test, loginErrorMessage=There is 1 error, fbPass=test, address=123 test street, verifyLogout=Sign out, state=Georgia, lastname=usertest, cindex=-, pintUser=test, sResult=            1 result has been found.        , searchItem3=skirt, pintPass=test, searchItem2=shirt, searchItem1=Blouse, loginEmail=testwebsite15@test.com, email=testuser@test.com, addfirstname=testuser, country=United States, reviewTitle=test, productResult=Blouse, city=Marietta, orderConfirmation=Your order on My Store is complete., firstname=testuser, commentAlert=div, zip=30064, loginPassword=test123, manSearchResults=No results were found for your search "Gap", manufacturer=Gap})</span>
                  <div class="stack-trace">org.openqa.selenium.NoSuchElementException: no such element: Unable to locate element: {&quot;method&quot;:&quot;link text&quot;,&quot;selector&quot;:&quot;Sign out&quot;}
  (Session info: chrome=87.0.4280.88)
For documentation on this error, please visit: https://www.seleniumhq.org/exceptions/no_such_element.html
Build info: version: &apos;3.141.59&apos;, revision: &apos;e82be7d358&apos;, time: &apos;2018-11-14T08:17:03&apos;
System info: host: &apos;JAISHANDELL&apos;, ip: &apos;192.168.56.1&apos;, os.name: &apos;Windows 10&apos;, os.arch: &apos;amd64&apos;, os.version: &apos;10.0&apos;, java.version: &apos;1.8.0_271&apos;
Driver info: org.openqa.selenium.chrome.ChromeDriver
Capabilities {acceptInsecureCerts: false, browserName: chrome, browserVersion: 87.0.4280.88, chrome: {chromedriverVersion: 86.0.4240.22 (398b0743353ff..., userDataDir: C:\Users\admin\AppData\Loca...}, goog:chromeOptions: {debuggerAddress: localhost:50708}, javascriptEnabled: true, networkConnectionEnabled: false, pageLoadStrategy: normal, platform: WINDOWS, platformName: WINDOWS, proxy: Proxy(), setWindowRect: true, strictFileInteractability: false, timeouts: {implicit: 0, pageLoad: 300000, script: 30000}, unhandledPromptBehavior: dismiss and notify, webauthn:virtualAuthenticators: true}
Session ID: b31bbf16b4f8d20a44d3e393a4fd81ea
*** Element info: {Using=link text, value=Sign out}
	at org.openqa.selenium.remote.http.W3CHttpResponseCodec.createException(W3CHttpResponseCodec.java:187)
	at org.openqa.selenium.remote.http.W3CHttpResponseCodec.decode(W3CHttpResponseCodec.java:122)
	at org.openqa.selenium.remote.http.W3CHttpResponseCodec.decode(W3CHttpResponseCodec.java:49)
	at org.openqa.selenium.remote.HttpCommandExecutor.execute(HttpCommandExecutor.java:158)
	at org.openqa.selenium.remote.service.DriverCommandExecutor.execute(DriverCommandExecutor.java:83)
	at org.openqa.selenium.remote.RemoteWebDriver.execute(RemoteWebDriver.java:552)
	at org.openqa.selenium.remote.RemoteWebDriver.findElement(RemoteWebDriver.java:323)
	at org.openqa.selenium.remote.RemoteWebDriver.findElementByLinkText(RemoteWebDriver.java:380)
	at org.openqa.selenium.By$ByLinkText.findElement(By.java:220)
	at org.openqa.selenium.remote.RemoteWebDriver.findElement(RemoteWebDriver.java:315)
	at org.openqa.selenium.support.pagefactory.DefaultElementLocator.findElement(DefaultElementLocator.java:69)
	at org.openqa.selenium.support.pagefactory.internal.LocatingElementHandler.invoke(LocatingElementHandler.java:38)
	at com.sun.proxy.$Proxy10.getText(Unknown Source)
	at com.project.pages.CreateAccountPage.verifyLogout(CreateAccountPage.java:264)
	at com.project.testcases.TestLogin.testValidLogin(TestLogin.java:57)
... Removed 30 stack frames
</div> <!-- stack-trace -->
                </div> <!-- method-content -->
              </div> <!-- method -->
            </div> <!-- main-panel-content rounded-window-bottom -->
          </div> <!-- suite-Suite1-class-failed -->
          <div class="suite-Suite1-class-failed">
            <div class="main-panel-header rounded-window-top">
              <img src="failed.png"/>
              <span class="class-name">com.project.testcases.PurchaseProducts</span>
            </div> <!-- main-panel-header rounded-window-top -->
            <div class="main-panel-content rounded-window-bottom">
              <div class="method">
                <div class="method-content">
                  <a name="createOrder({password=test123, cell=1234567890, addlastname=usertest, fbUser=test, loginErrorMessage=There is 1 ...)">
                  </a> <!-- createOrder({password=test123, cell=1234567890, addlastname=usertest, fbUser=test, loginErrorMessage=There is 1 ...) -->
                  <span class="method-name">createOrder</span>
                  <span class="parameters">({password=test123, cell=1234567890, addlastname=usertest, fbUser=test, loginErrorMessage=There is 1 error, fbPass=test, address=123 test street, verifyLogout=Sign out, state=Georgia, lastname=usertest, cindex=-, pintUser=test, sResult=            1 result has been found.        , searchItem3=skirt, pintPass=test, searchItem2=shirt, searchItem1=Blouse, loginEmail=testwebsite15@test.com, email=testuser@test.com, addfirstname=testuser, country=United States, reviewTitle=test, productResult=Blouse, city=Marietta, orderConfirmation=Your order on My Store is complete., firstname=testuser, commentAlert=div, zip=30064, loginPassword=test123, manSearchResults=No results were found for your search "Gap", manufacturer=Gap})</span>
                  <div class="stack-trace">org.openqa.selenium.ElementNotInteractableException: element not interactable
  (Session info: chrome=87.0.4280.88)
Build info: version: &apos;3.141.59&apos;, revision: &apos;e82be7d358&apos;, time: &apos;2018-11-14T08:17:03&apos;
System info: host: &apos;JAISHANDELL&apos;, ip: &apos;192.168.56.1&apos;, os.name: &apos;Windows 10&apos;, os.arch: &apos;amd64&apos;, os.version: &apos;10.0&apos;, java.version: &apos;1.8.0_271&apos;
Driver info: org.openqa.selenium.chrome.ChromeDriver
Capabilities {acceptInsecureCerts: false, browserName: chrome, browserVersion: 87.0.4280.88, chrome: {chromedriverVersion: 86.0.4240.22 (398b0743353ff..., userDataDir: C:\Users\admin\AppData\Loca...}, goog:chromeOptions: {debuggerAddress: localhost:50483}, javascriptEnabled: true, networkConnectionEnabled: false, pageLoadStrategy: normal, platform: WINDOWS, platformName: WINDOWS, proxy: Proxy(), setWindowRect: true, strictFileInteractability: false, timeouts: {implicit: 0, pageLoad: 300000, script: 30000}, unhandledPromptBehavior: dismiss and notify, webauthn:virtualAuthenticators: true}
Session ID: 15e6ca627ffd1f48a1aa8f6ef866d30d
	at org.openqa.selenium.remote.http.W3CHttpResponseCodec.createException(W3CHttpResponseCodec.java:187)
	at org.openqa.selenium.remote.http.W3CHttpResponseCodec.decode(W3CHttpResponseCodec.java:122)
	at org.openqa.selenium.remote.http.W3CHttpResponseCodec.decode(W3CHttpResponseCodec.java:49)
	at org.openqa.selenium.remote.HttpCommandExecutor.execute(HttpCommandExecutor.java:158)
	at org.openqa.selenium.remote.service.DriverCommandExecutor.execute(DriverCommandExecutor.java:83)
	at org.openqa.selenium.remote.RemoteWebDriver.execute(RemoteWebDriver.java:552)
	at org.openqa.selenium.remote.RemoteWebElement.execute(RemoteWebElement.java:285)
	at org.openqa.selenium.remote.RemoteWebElement.click(RemoteWebElement.java:84)
	at org.openqa.selenium.support.pagefactory.internal.LocatingElementHandler.invoke(LocatingElementHandler.java:51)
	at com.sun.proxy.$Proxy10.click(Unknown Source)
	at com.project.pages.ProductPage.proceedToCheckout(ProductPage.java:173)
	at com.project.testcases.PurchaseProducts.createOrder(PurchaseProducts.java:63)
... Removed 34 stack frames
</div> <!-- stack-trace -->
                </div> <!-- method-content -->
              </div> <!-- method -->
            </div> <!-- main-panel-content rounded-window-bottom -->
          </div> <!-- suite-Suite1-class-failed -->
          <div class="suite-Suite1-class-passed">
            <div class="main-panel-header rounded-window-top">
              <img src="passed.png"/>
              <span class="class-name">com.project.testcases.TestCountryField</span>
            </div> <!-- main-panel-header rounded-window-top -->
            <div class="main-panel-content rounded-window-bottom">
              <div class="method">
                <div class="method-content">
                  <a name="checkCountry({password=test123, cell=1234567890, addlastname=usertest, fbUser=test, loginErrorMessage=There is 1 ...)">
                  </a> <!-- checkCountry({password=test123, cell=1234567890, addlastname=usertest, fbUser=test, loginErrorMessage=There is 1 ...) -->
                  <span class="method-name">checkCountry</span>
                  <span class="parameters">({password=test123, cell=1234567890, addlastname=usertest, fbUser=test, loginErrorMessage=There is 1 error, fbPass=test, address=123 test street, verifyLogout=Sign out, state=Georgia, lastname=usertest, cindex=-, pintUser=test, sResult=            1 result has been found.        , searchItem3=skirt, pintPass=test, searchItem2=shirt, searchItem1=Blouse, loginEmail=testwebsite15@test.com, email=testuser@test.com, addfirstname=testuser, country=United States, reviewTitle=test, productResult=Blouse, city=Marietta, orderConfirmation=Your order on My Store is complete., firstname=testuser, commentAlert=div, zip=30064, loginPassword=test123, manSearchResults=No results were found for your search "Gap", manufacturer=Gap})</span>
                </div> <!-- method-content -->
              </div> <!-- method -->
            </div> <!-- main-panel-content rounded-window-bottom -->
          </div> <!-- suite-Suite1-class-passed -->
          <div class="suite-Suite1-class-passed">
            <div class="main-panel-header rounded-window-top">
              <img src="passed.png"/>
              <span class="class-name">com.project.testcases.CreateNewAccount</span>
            </div> <!-- main-panel-header rounded-window-top -->
            <div class="main-panel-content rounded-window-bottom">
              <div class="method">
                <div class="method-content">
                  <a name="accountSetup({password=test123, cell=1234567890, addlastname=usertest, fbUser=test, loginErrorMessage=There is 1 ...)">
                  </a> <!-- accountSetup({password=test123, cell=1234567890, addlastname=usertest, fbUser=test, loginErrorMessage=There is 1 ...) -->
                  <span class="method-name">accountSetup</span>
                  <span class="parameters">({password=test123, cell=1234567890, addlastname=usertest, fbUser=test, loginErrorMessage=There is 1 error, fbPass=test, address=123 test street, verifyLogout=Sign out, state=Georgia, lastname=usertest, cindex=-, pintUser=test, sResult=            1 result has been found.        , searchItem3=skirt, pintPass=test, searchItem2=shirt, searchItem1=Blouse, loginEmail=testwebsite15@test.com, email=testuser@test.com, addfirstname=testuser, country=United States, reviewTitle=test, productResult=Blouse, city=Marietta, orderConfirmation=Your order on My Store is complete., firstname=testuser, commentAlert=div, zip=30064, loginPassword=test123, manSearchResults=No results were found for your search "Gap", manufacturer=Gap})</span>
                </div> <!-- method-content -->
              </div> <!-- method -->
            </div> <!-- main-panel-content rounded-window-bottom -->
          </div> <!-- suite-Suite1-class-passed -->
          <div class="suite-Suite1-class-passed">
            <div class="main-panel-header rounded-window-top">
              <img src="passed.png"/>
              <span class="class-name">com.project.testcases.TestSearch</span>
            </div> <!-- main-panel-header rounded-window-top -->
            <div class="main-panel-content rounded-window-bottom">
              <div class="method">
                <div class="method-content">
                  <a name="searchManufacturer({password=test123, cell=1234567890, addlastname=usertest, fbUser=test, loginErrorMessage=There is 1 ...)">
                  </a> <!-- searchManufacturer({password=test123, cell=1234567890, addlastname=usertest, fbUser=test, loginErrorMessage=There is 1 ...) -->
                  <span class="method-name">searchManufacturer</span>
                  <span class="parameters">({password=test123, cell=1234567890, addlastname=usertest, fbUser=test, loginErrorMessage=There is 1 error, fbPass=test, address=123 test street, verifyLogout=Sign out, state=Georgia, lastname=usertest, cindex=-, pintUser=test, sResult=            1 result has been found.        , searchItem3=skirt, pintPass=test, searchItem2=shirt, searchItem1=Blouse, loginEmail=testwebsite15@test.com, email=testuser@test.com, addfirstname=testuser, country=United States, reviewTitle=test, productResult=Blouse, city=Marietta, orderConfirmation=Your order on My Store is complete., firstname=testuser, commentAlert=div, zip=30064, loginPassword=test123, manSearchResults=No results were found for your search "Gap", manufacturer=Gap})</span>
                </div> <!-- method-content -->
              </div> <!-- method -->
            </div> <!-- main-panel-content rounded-window-bottom -->
          </div> <!-- suite-Suite1-class-passed -->
          <div class="suite-Suite1-class-passed">
            <div class="main-panel-header rounded-window-top">
              <img src="passed.png"/>
              <span class="class-name">com.project.testcases.TestLogin</span>
            </div> <!-- main-panel-header rounded-window-top -->
            <div class="main-panel-content rounded-window-bottom">
              <div class="method">
                <div class="method-content">
                  <a name="testInValidLogin({password=test123, cell=1234567890, addlastname=usertest, fbUser=test, loginErrorMessage=There is 1 ...)">
                  </a> <!-- testInValidLogin({password=test123, cell=1234567890, addlastname=usertest, fbUser=test, loginErrorMessage=There is 1 ...) -->
                  <span class="method-name">testInValidLogin</span>
                  <span class="parameters">({password=test123, cell=1234567890, addlastname=usertest, fbUser=test, loginErrorMessage=There is 1 error, fbPass=test, address=123 test street, verifyLogout=Sign out, state=Georgia, lastname=usertest, cindex=-, pintUser=test, sResult=            1 result has been found.        , searchItem3=skirt, pintPass=test, searchItem2=shirt, searchItem1=Blouse, loginEmail=testwebsite15@test.com, email=testuser@test.com, addfirstname=testuser, country=United States, reviewTitle=test, productResult=Blouse, city=Marietta, orderConfirmation=Your order on My Store is complete., firstname=testuser, commentAlert=div, zip=30064, loginPassword=test123, manSearchResults=No results were found for your search "Gap", manufacturer=Gap})</span>
                </div> <!-- method-content -->
              </div> <!-- method -->
            </div> <!-- main-panel-content rounded-window-bottom -->
          </div> <!-- suite-Suite1-class-passed -->
        </div> <!-- panel Suite1 -->
        <div panel-name="test-xml-Suite1" class="panel">
          <div class="main-panel-header rounded-window-top">
            <span class="header-content">C:\Selenium_Training\Softwares\Day1-9\Selenium_Projects_Workspace\Final_Assessment\testng.xml</span>
          </div> <!-- main-panel-header rounded-window-top -->
          <div class="main-panel-content rounded-window-bottom">
            <pre>
&lt;?xml version=&quot;1.0&quot; encoding=&quot;UTF-8&quot;?&gt;
&lt;!DOCTYPE suite SYSTEM &quot;http://testng.org/testng-1.0.dtd&quot;&gt;
&lt;suite guice-stage=&quot;DEVELOPMENT&quot; verbose=&quot;0&quot; name=&quot;Suite1&quot; parallel=&quot;none&quot;&gt;
  &lt;listeners&gt;
    &lt;listener class-name=&quot;com.project.utils.ExtentListeners&quot;/&gt;
  &lt;/listeners&gt;
  &lt;test name=&quot;Assessment Suite&quot;&gt;
    &lt;classes&gt;
      &lt;class name=&quot;com.project.testcases.CreateNewAccount&quot;/&gt;
      &lt;class name=&quot;com.project.testcases.PurchaseProducts&quot;/&gt;
      &lt;class name=&quot;com.project.testcases.TestCountryField&quot;/&gt;
      &lt;class name=&quot;com.project.testcases.TestSearch&quot;/&gt;
      &lt;class name=&quot;com.project.testcases.TestLogin&quot;/&gt;
    &lt;/classes&gt;
  &lt;/test&gt; &lt;!-- Assessment Suite --&gt;
&lt;/suite&gt; &lt;!-- Suite1 --&gt;
            </pre>
          </div> <!-- main-panel-content rounded-window-bottom -->
        </div> <!-- panel -->
        <div panel-name="testlist-Suite1" class="panel">
          <div class="main-panel-header rounded-window-top">
            <span class="header-content">Tests for Suite1</span>
          </div> <!-- main-panel-header rounded-window-top -->
          <div class="main-panel-content rounded-window-bottom">
            <ul>
              <li>
                <span class="test-name">Assessment Suite (5 classes)</span>
              </li>
            </ul>
          </div> <!-- main-panel-content rounded-window-bottom -->
        </div> <!-- panel -->
        <div panel-name="group-Suite1" class="panel">
          <div class="main-panel-header rounded-window-top">
            <span class="header-content">Groups for Suite1</span>
          </div> <!-- main-panel-header rounded-window-top -->
          <div class="main-panel-content rounded-window-bottom">
          </div> <!-- main-panel-content rounded-window-bottom -->
        </div> <!-- panel -->
        <div panel-name="times-Suite1" class="panel">
          <div class="main-panel-header rounded-window-top">
            <span class="header-content">Times for Suite1</span>
          </div> <!-- main-panel-header rounded-window-top -->
          <div class="main-panel-content rounded-window-bottom">
            <div class="times-div">
              <script type="text/javascript">
suiteTableInitFunctions.push('tableData_Suite1');
function tableData_Suite1() {
var data = new google.visualization.DataTable();
data.addColumn('number', 'Number');
data.addColumn('string', 'Method');
data.addColumn('string', 'Class');
data.addColumn('number', 'Time (ms)');
data.addRows(11);
data.setCell(0, 0, 0)
data.setCell(0, 1, 'createOrder')
data.setCell(0, 2, 'com.project.testcases.PurchaseProducts')
data.setCell(0, 3, 21717);
data.setCell(1, 0, 1)
data.setCell(1, 1, 'searchProduct')
data.setCell(1, 2, 'com.project.testcases.TestSearch')
data.setCell(1, 3, 11636);
data.setCell(2, 0, 2)
data.setCell(2, 1, 'accountSetup')
data.setCell(2, 2, 'com.project.testcases.CreateNewAccount')
data.setCell(2, 3, 9613);
data.setCell(3, 0, 3)
data.setCell(3, 1, 'checkCountry')
data.setCell(3, 2, 'com.project.testcases.TestCountryField')
data.setCell(3, 3, 6298);
data.setCell(4, 0, 4)
data.setCell(4, 1, 'searchManufacturer')
data.setCell(4, 2, 'com.project.testcases.TestSearch')
data.setCell(4, 3, 4958);
data.setCell(5, 0, 5)
data.setCell(5, 1, 'enterPinterest')
data.setCell(5, 2, 'com.project.testcases.TestSearch')
data.setCell(5, 3, 3036);
data.setCell(6, 0, 6)
data.setCell(6, 1, 'testInValidLogin')
data.setCell(6, 2, 'com.project.testcases.TestLogin')
data.setCell(6, 3, 3013);
data.setCell(7, 0, 7)
data.setCell(7, 1, 'enterFaceBook')
data.setCell(7, 2, 'com.project.testcases.TestSearch')
data.setCell(7, 3, 2153);
data.setCell(8, 0, 8)
data.setCell(8, 1, 'enterGPlus')
data.setCell(8, 2, 'com.project.testcases.TestSearch')
data.setCell(8, 3, 2081);
data.setCell(9, 0, 9)
data.setCell(9, 1, 'enterReview')
data.setCell(9, 2, 'com.project.testcases.TestSearch')
data.setCell(9, 3, 1816);
data.setCell(10, 0, 10)
data.setCell(10, 1, 'testValidLogin')
data.setCell(10, 2, 'com.project.testcases.TestLogin')
data.setCell(10, 3, 1598);
window.suiteTableData['Suite1']= { tableData: data, tableDiv: 'times-div-Suite1'}
return data;
}
              </script>
              <span class="suite-total-time">Total running time: 1 minutes</span>
              <div id="times-div-Suite1">
              </div> <!-- times-div-Suite1 -->
            </div> <!-- times-div -->
          </div> <!-- main-panel-content rounded-window-bottom -->
        </div> <!-- panel -->
        <div panel-name="reporter-Suite1" class="panel">
          <div class="main-panel-header rounded-window-top">
            <span class="header-content">Reporter output for Suite1</span>
          </div> <!-- main-panel-header rounded-window-top -->
          <div class="main-panel-content rounded-window-bottom">
          </div> <!-- main-panel-content rounded-window-bottom -->
        </div> <!-- panel -->
        <div panel-name="ignored-methods-Suite1" class="panel">
          <div class="main-panel-header rounded-window-top">
            <span class="header-content">0 ignored methods</span>
          </div> <!-- main-panel-header rounded-window-top -->
          <div class="main-panel-content rounded-window-bottom">
          </div> <!-- main-panel-content rounded-window-bottom -->
        </div> <!-- panel -->
        <div panel-name="chronological-Suite1" class="panel">
          <div class="main-panel-header rounded-window-top">
            <span class="header-content">Methods in chronological order</span>
          </div> <!-- main-panel-header rounded-window-top -->
          <div class="main-panel-content rounded-window-bottom">
            <div class="chronological-class">
              <div class="chronological-class-name">com.project.testcases.CreateNewAccount</div> <!-- chronological-class-name -->
              <div class="configuration-method before">
                <span class="method-name">LaunchBrowser</span>
                <span class="method-start">0 ms</span>
              </div> <!-- configuration-method before -->
              <div class="test-method">
                <span class="method-name">accountSetup({password=test123, cell=1234567890, addlastname=usertest, fbUser=test, loginErrorMessage=There is 1 ...)</span>
                <span class="method-start">8251 ms</span>
              </div> <!-- test-method -->
              <div class="configuration-method after">
                <span class="method-name">CloseBrowser</span>
                <span class="method-start">17870 ms</span>
              </div> <!-- configuration-method after -->
            </div> <!-- chronological-class -->
            <div class="chronological-class">
              <div class="chronological-class-name">com.project.testcases.TestCountryField</div> <!-- chronological-class-name -->
              <div class="configuration-method before">
                <span class="method-name">LaunchBrowser</span>
                <span class="method-start">17995 ms</span>
              </div> <!-- configuration-method before -->
              <div class="test-method">
                <span class="method-name">checkCountry({password=test123, cell=1234567890, addlastname=usertest, fbUser=test, loginErrorMessage=There is 1 ...)</span>
                <span class="method-start">25589 ms</span>
              </div> <!-- test-method -->
            </div> <!-- chronological-class -->
            <div class="chronological-class">
              <div class="chronological-class-name">com.project.testcases.PurchaseProducts</div> <!-- chronological-class-name -->
              <div class="configuration-method before">
                <span class="method-name">LaunchBrowser</span>
                <span class="method-start">31933 ms</span>
              </div> <!-- configuration-method before -->
              <div class="test-method">
                <img src="failed.png">
                </img>
                <span class="method-name">createOrder({password=test123, cell=1234567890, addlastname=usertest, fbUser=test, loginErrorMessage=There is 1 ...)</span>
                <span class="method-start">41106 ms</span>
              </div> <!-- test-method -->
            </div> <!-- chronological-class -->
            <div class="chronological-class">
              <div class="chronological-class-name">com.project.testcases.TestSearch</div> <!-- chronological-class-name -->
              <div class="configuration-method before">
                <span class="method-name">LaunchBrowser</span>
                <span class="method-start">62862 ms</span>
              </div> <!-- configuration-method before -->
              <div class="test-method">
                <span class="method-name">searchManufacturer({password=test123, cell=1234567890, addlastname=usertest, fbUser=test, loginErrorMessage=There is 1 ...)</span>
                <span class="method-start">70851 ms</span>
              </div> <!-- test-method -->
              <div class="configuration-method before">
                <span class="method-name">LaunchBrowser</span>
                <span class="method-start">75848 ms</span>
              </div> <!-- configuration-method before -->
              <div class="test-method">
                <img src="failed.png">
                </img>
                <span class="method-name">searchProduct({password=test123, cell=1234567890, addlastname=usertest, fbUser=test, loginErrorMessage=There is 1 ...)</span>
                <span class="method-start">83481 ms</span>
              </div> <!-- test-method -->
            </div> <!-- chronological-class -->
            <div class="chronological-class">
              <div class="chronological-class-name">com.project.testcases.TestLogin</div> <!-- chronological-class-name -->
              <div class="configuration-method before">
                <span class="method-name">LaunchBrowser</span>
                <span class="method-start">95152 ms</span>
              </div> <!-- configuration-method before -->
              <div class="test-method">
                <img src="failed.png">
                </img>
                <span class="method-name">testValidLogin({password=test123, cell=1234567890, addlastname=usertest, fbUser=test, loginErrorMessage=There is 1 ...)</span>
                <span class="method-start">103318 ms</span>
              </div> <!-- test-method -->
              <div class="configuration-method before">
                <span class="method-name">LaunchBrowser</span>
                <span class="method-start">104944 ms</span>
              </div> <!-- configuration-method before -->
              <div class="test-method">
                <span class="method-name">testInValidLogin({password=test123, cell=1234567890, addlastname=usertest, fbUser=test, loginErrorMessage=There is 1 ...)</span>
                <span class="method-start">112706 ms</span>
              </div> <!-- test-method -->
            </div> <!-- chronological-class -->
            <div class="chronological-class">
              <div class="chronological-class-name">com.project.testcases.TestSearch</div> <!-- chronological-class-name -->
              <div class="configuration-method before">
                <span class="method-name">LaunchBrowser</span>
                <span class="method-start">115749 ms</span>
              </div> <!-- configuration-method before -->
              <div class="test-method">
                <img src="failed.png">
                </img>
                <span class="method-name">enterReview({password=test123, cell=1234567890, addlastname=usertest, fbUser=test, loginErrorMessage=There is 1 ...)</span>
                <span class="method-start">123314 ms</span>
              </div> <!-- test-method -->
              <div class="configuration-method before">
                <span class="method-name">LaunchBrowser</span>
                <span class="method-start">125162 ms</span>
              </div> <!-- configuration-method before -->
              <div class="test-method">
                <img src="failed.png">
                </img>
                <span class="method-name">enterPinterest({password=test123, cell=1234567890, addlastname=usertest, fbUser=test, loginErrorMessage=There is 1 ...)</span>
                <span class="method-start">132639 ms</span>
              </div> <!-- test-method -->
              <div class="configuration-method before">
                <span class="method-name">LaunchBrowser</span>
                <span class="method-start">135706 ms</span>
              </div> <!-- configuration-method before -->
              <div class="test-method">
                <img src="failed.png">
                </img>
                <span class="method-name">enterFaceBook({password=test123, cell=1234567890, addlastname=usertest, fbUser=test, loginErrorMessage=There is 1 ...)</span>
                <span class="method-start">143893 ms</span>
              </div> <!-- test-method -->
              <div class="configuration-method before">
                <span class="method-name">LaunchBrowser</span>
                <span class="method-start">146055 ms</span>
              </div> <!-- configuration-method before -->
              <div class="test-method">
                <img src="failed.png">
                </img>
                <span class="method-name">enterGPlus({password=test123, cell=1234567890, addlastname=usertest, fbUser=test, loginErrorMessage=There is 1 ...)</span>
                <span class="method-start">153876 ms</span>
              </div> <!-- test-method -->
          </div> <!-- main-panel-content rounded-window-bottom -->
        </div> <!-- panel -->
      </div> <!-- main-panel-root -->
    </div> <!-- wrapper -->
  </body>
</html>
