

<!DOCTYPE html>
<html>
<head>
<meta charset="utf-8">
<meta name="viewport" content="width=device-width, initial-scale=1, shrink-to-fit=no">
<title>Test Execution Report</title>
<link rel="apple-touch-icon" href="https://cdn.jsdelivr.net/gh/extent-framework/extent-github-cdn@b00a2d0486596e73dd7326beacf352c639623a0e/commons/img/logo.png">
<link rel="shortcut icon" href="https://cdn.jsdelivr.net/gh/extent-framework/extent-github-cdn@b00a2d0486596e73dd7326beacf352c639623a0e/commons/img/logo.png">
<link href="https://cdn.jsdelivr.net/gh/extent-framework/extent-github-cdn@c952cc003431b643d7a73337421ff42b75bac784/spark/css/spark-style.css" rel="stylesheet" />
<link href="https://stackpath.bootstrapcdn.com/font-awesome/4.7.0/css/font-awesome.min.css" rel="stylesheet">
<script src="https://cdn.rawgit.com/extent-framework/extent-github-cdn/7cc78ce/spark/js/jsontree.js"></script>
<style type="text/css"></style></head><body class="spa -report standard">
  <div class="app">
    <div class="layout">
<div class="header navbar">
<div class="vheader">
<div class="nav-logo">
<a href="#">
<div class="logo" style="background-image: url('https://cdn.jsdelivr.net/gh/extent-framework/extent-github-cdn@b00a2d0486596e73dd7326beacf352c639623a0e/commons/img/logo.png')"></div>
</a>
</div>
<ul class="nav-left">
<li class="search-box">
<a class="search-toggle" href="#">
<i class="search-icon fa fa-search"></i>
<i class="search-icon-close fa fa-close"></i>
</a>
</li>
<li class="search-input"><input id="search-tests" class="form-control" type="text" placeholder="Search..."></li>
</ul>
<ul class="nav-right">
<li class="m-r-10">
<a href="#"><span class="badge badge-primary">Run Report</span></a>
</li>
<li class="m-r-10">
<a href="#"><span class="badge badge-primary">Jan 3, 2021 05:31:24 PM</span></a>
</li>
</ul>
</div>
</div><div class="side-nav">
<div class="side-nav-inner">
<ul class="side-nav-menu">
<li class="nav-item dropdown" onclick="toggleView('test-view')">
<a id="nav-test" class="dropdown-toggle" href="#">
<span class="ico"><i class="fa fa-list"></i></span>
</a>
</li>
<li class="nav-item dropdown" onclick="toggleView('dashboard-view')">
<a id="nav-dashboard" class="dropdown-toggle" href="#">
<span class="ico"><i class="fa fa-bar-chart"></i></span>
</a>
</li>
</ul>
</div>
</div>      <div class="vcontainer">
        <div class="main-content">
<div class="test-wrapper row view test-view">
  <div class="test-list">
    <div class="test-list-tools">
<ul class="tools pull-left">
<li><a href="#"><span class="font-size-14">Tests</span></a></li>
</ul>
<ul class="tools text-right">
<li class="dropdown">
<a href="#" class="dropdown-toggle" data-toggle="dropdown"><i class="fa fa-exclamation-circle"></i></a>
<ul id="status-toggle" class="dropdown-menu dropdown-md p-v-0">
<a class="dropdown-item" status="pass" href="#"><span>Pass</span><span class="status success"></span></a>
<a class="dropdown-item" status="fail" href="#"><span>Fail</span><span class="status danger"></span></a>
<div class="dropdown-divider"></div>
<a status="clear" class="dropdown-item" href="#"><span>Clear</span><span class="pull-right"><i class="fa fa-close"></i></span></a>
</ul>
</li>
</ul>
</div>    <div class="test-list-wrapper scrollable">
      <ul class="test-list-item">
        <li class="test-item"  status="pass" test-id="1"
          author=""
          tag=""
          device="">
          <div class="test-detail">
            <p class="name">accountSetup</p>
            <p class="text-sm">
              <span>17:31:33 PM</span> / <span>00:00:09:617</span>
              <span class="badge pass-bg log float-right">Pass</span>
            </p>
          </div>
          <div class="test-contents d-none">
<div class="detail-head">
<div class="p-v-10">
<div class="info">
<h5 class="test-status text-pass">accountSetup</h5>
<span class='badge badge-success'>01.03.2021 17:31:33</span>
<span class='badge badge-danger'>01.03.2021 17:31:43</span>
<span class='badge badge-default'>00:00:09:617</span>
&middot; <span class='uri-anchor badge badge-default'>#test-id=1</span>
</div>
</div>
</div><div class="detail-body mt-4">
<table class="table table-sm">
  <thead><tr><th class="status-col">Status</th><th class="timestamp-col">Timestamp</th><th class="details-col">Details</th></tr></thead>
  <tbody>
      <tr class="event-row">
        <td><span class="badge log pass-bg">Pass</span></td>
        <td>5:31:43 PM</td>
        <td>
          <span class='badge white-text green'><b>TestName: ACCOUNTSETUP   PASSED</b></span>
        </td>
      </tr>
  </tbody>
</table>
</div>
          </div>
        </li>
        <li class="test-item"  status="pass" test-id="2"
          author=""
          tag=""
          device="">
          <div class="test-detail">
            <p class="name">checkCountry</p>
            <p class="text-sm">
              <span>17:31:51 PM</span> / <span>00:00:06:298</span>
              <span class="badge pass-bg log float-right">Pass</span>
            </p>
          </div>
          <div class="test-contents d-none">
<div class="detail-head">
<div class="p-v-10">
<div class="info">
<h5 class="test-status text-pass">checkCountry</h5>
<span class='badge badge-success'>01.03.2021 17:31:51</span>
<span class='badge badge-danger'>01.03.2021 17:31:57</span>
<span class='badge badge-default'>00:00:06:298</span>
&middot; <span class='uri-anchor badge badge-default'>#test-id=2</span>
</div>
</div>
</div><div class="detail-body mt-4">
<table class="table table-sm">
  <thead><tr><th class="status-col">Status</th><th class="timestamp-col">Timestamp</th><th class="details-col">Details</th></tr></thead>
  <tbody>
      <tr class="event-row">
        <td><span class="badge log pass-bg">Pass</span></td>
        <td>5:31:57 PM</td>
        <td>
          <span class='badge white-text green'><b>TestName: CHECKCOUNTRY   PASSED</b></span>
        </td>
      </tr>
  </tbody>
</table>
</div>
          </div>
        </li>
        <li class="test-item"  status="fail" test-id="3"
          author=""
          tag=""
          device="">
          <div class="test-detail">
            <p class="name">createOrder</p>
            <p class="text-sm">
              <span>17:32:06 PM</span> / <span>00:00:21:723</span>
              <span class="badge fail-bg log float-right">Fail</span>
            </p>
          </div>
          <div class="test-contents d-none">
<div class="detail-head">
<div class="p-v-10">
<div class="info">
<h5 class="test-status text-fail">createOrder</h5>
<span class='badge badge-success'>01.03.2021 17:32:06</span>
<span class='badge badge-danger'>01.03.2021 17:32:28</span>
<span class='badge badge-default'>00:00:21:723</span>
&middot; <span class='uri-anchor badge badge-default'>#test-id=3</span>
</div>
</div>
</div><div class="detail-body mt-4">
<table class="table table-sm">
  <thead><tr><th class="status-col">Status</th><th class="timestamp-col">Timestamp</th><th class="details-col">Details</th></tr></thead>
  <tbody>
      <tr class="event-row">
        <td><span class="badge log fail-bg">Fail</span></td>
        <td>5:32:28 PM</td>
        <td>
          <span class='badge white-text red'><b>TestName: CREATEORDER   FAILED</b></span>
        </td>
      </tr>
      <tr class="event-row">
        <td><span class="badge log fail-bg">Fail</span></td>
        <td>5:32:28 PM</td>
        <td>
          <details><summary><b><font color=red>Exception Occured:Click to view</font></b></summary>[sun.reflect.NativeConstructorAccessorImpl.newInstance0(Native Method)<br> sun.reflect.NativeConstructorAccessorImpl.newInstance(NativeConstructorAccessorImpl.java:62)<br> sun.reflect.DelegatingConstructorAccessorImpl.newInstance(DelegatingConstructorAccessorImpl.java:45)<br> java.lang.reflect.Constructor.newInstance(Constructor.java:423)<br> org.openqa.selenium.remote.http.W3CHttpResponseCodec.createException(W3CHttpResponseCodec.java:187)<br> org.openqa.selenium.remote.http.W3CHttpResponseCodec.decode(W3CHttpResponseCodec.java:122)<br> org.openqa.selenium.remote.http.W3CHttpResponseCodec.decode(W3CHttpResponseCodec.java:49)<br> org.openqa.selenium.remote.HttpCommandExecutor.execute(HttpCommandExecutor.java:158)<br> org.openqa.selenium.remote.service.DriverCommandExecutor.execute(DriverCommandExecutor.java:83)<br> org.openqa.selenium.remote.RemoteWebDriver.execute(RemoteWebDriver.java:552)<br> org.openqa.selenium.remote.RemoteWebElement.execute(RemoteWebElement.java:285)<br> org.openqa.selenium.remote.RemoteWebElement.click(RemoteWebElement.java:84)<br> sun.reflect.GeneratedMethodAccessor3.invoke(Unknown Source)<br> sun.reflect.DelegatingMethodAccessorImpl.invoke(DelegatingMethodAccessorImpl.java:43)<br> java.lang.reflect.Method.invoke(Method.java:498)<br> org.openqa.selenium.support.pagefactory.internal.LocatingElementHandler.invoke(LocatingElementHandler.java:51)<br> com.sun.proxy.$Proxy10.click(Unknown Source)<br> com.project.pages.ProductPage.proceedToCheckout(ProductPage.java:173)<br> com.project.testcases.PurchaseProducts.createOrder(PurchaseProducts.java:63)<br> sun.reflect.NativeMethodAccessorImpl.invoke0(Native Method)<br> sun.reflect.NativeMethodAccessorImpl.invoke(NativeMethodAccessorImpl.java:62)<br> sun.reflect.DelegatingMethodAccessorImpl.invoke(DelegatingMethodAccessorImpl.java:43)<br> java.lang.reflect.Method.invoke(Method.java:498)<br> org.testng.internal.MethodInvocationHelper.invokeMethod(MethodInvocationHelper.java:85)<br> org.testng.internal.Invoker.invokeMethod(Invoker.java:639)<br> org.testng.internal.Invoker.invokeTestMethod(Invoker.java:816)<br> org.testng.internal.Invoker.invokeTestMethods(Invoker.java:1124)<br> org.testng.internal.TestMethodWorker.invokeTestMethods(TestMethodWorker.java:125)<br> org.testng.internal.TestMethodWorker.run(TestMethodWorker.java:108)<br> org.testng.TestRunner.privateRun(TestRunner.java:774)<br> org.testng.TestRunner.run(TestRunner.java:624)<br> org.testng.SuiteRunner.runTest(SuiteRunner.java:359)<br> org.testng.SuiteRunner.runSequentially(SuiteRunner.java:354)<br> org.testng.SuiteRunner.privateRun(SuiteRunner.java:312)<br> org.testng.SuiteRunner.run(SuiteRunner.java:261)<br> org.testng.SuiteRunnerWorker.runSuite(SuiteRunnerWorker.java:52)<br> org.testng.SuiteRunnerWorker.run(SuiteRunnerWorker.java:86)<br> org.testng.TestNG.runSuitesSequentially(TestNG.java:1191)<br> org.testng.TestNG.runSuitesLocally(TestNG.java:1116)<br> org.testng.TestNG.run(TestNG.java:1024)<br> org.apache.maven.surefire.testng.TestNGExecutor.run(TestNGExecutor.java:293)<br> org.apache.maven.surefire.testng.TestNGXmlTestSuite.execute(TestNGXmlTestSuite.java:84)<br> org.apache.maven.surefire.testng.TestNGProvider.invoke(TestNGProvider.java:91)<br> org.apache.maven.surefire.booter.ForkedBooter.invokeProviderInSameClassLoader(ForkedBooter.java:200)<br> org.apache.maven.surefire.booter.ForkedBooter.runSuitesInProcess(ForkedBooter.java:153)<br> org.apache.maven.surefire.booter.ForkedBooter.main(ForkedBooter.java:103)]</details>
        </td>
      </tr>
  </tbody>
</table>
</div>
          </div>
        </li>
        <li class="test-item"  status="pass" test-id="4"
          author=""
          tag=""
          device="">
          <div class="test-detail">
            <p class="name">searchManufacturer</p>
            <p class="text-sm">
              <span>17:32:36 PM</span> / <span>00:00:04:959</span>
              <span class="badge pass-bg log float-right">Pass</span>
            </p>
          </div>
          <div class="test-contents d-none">
<div class="detail-head">
<div class="p-v-10">
<div class="info">
<h5 class="test-status text-pass">searchManufacturer</h5>
<span class='badge badge-success'>01.03.2021 17:32:36</span>
<span class='badge badge-danger'>01.03.2021 17:32:41</span>
<span class='badge badge-default'>00:00:04:959</span>
&middot; <span class='uri-anchor badge badge-default'>#test-id=4</span>
</div>
</div>
</div><div class="detail-body mt-4">
<table class="table table-sm">
  <thead><tr><th class="status-col">Status</th><th class="timestamp-col">Timestamp</th><th class="details-col">Details</th></tr></thead>
  <tbody>
      <tr class="event-row">
        <td><span class="badge log pass-bg">Pass</span></td>
        <td>5:32:41 PM</td>
        <td>
          <span class='badge white-text green'><b>TestName: SEARCHMANUFACTURER   PASSED</b></span>
        </td>
      </tr>
  </tbody>
</table>
</div>
          </div>
        </li>
        <li class="test-item"  status="fail" test-id="5"
          author=""
          tag=""
          device="">
          <div class="test-detail">
            <p class="name">searchProduct</p>
            <p class="text-sm">
              <span>17:32:49 PM</span> / <span>00:00:11:637</span>
              <span class="badge fail-bg log float-right">Fail</span>
            </p>
          </div>
          <div class="test-contents d-none">
<div class="detail-head">
<div class="p-v-10">
<div class="info">
<h5 class="test-status text-fail">searchProduct</h5>
<span class='badge badge-success'>01.03.2021 17:32:49</span>
<span class='badge badge-danger'>01.03.2021 17:33:00</span>
<span class='badge badge-default'>00:00:11:637</span>
&middot; <span class='uri-anchor badge badge-default'>#test-id=5</span>
</div>
</div>
</div><div class="detail-body mt-4">
<table class="table table-sm">
  <thead><tr><th class="status-col">Status</th><th class="timestamp-col">Timestamp</th><th class="details-col">Details</th></tr></thead>
  <tbody>
      <tr class="event-row">
        <td><span class="badge log fail-bg">Fail</span></td>
        <td>5:33:00 PM</td>
        <td>
          <span class='badge white-text red'><b>TestName: SEARCHPRODUCT   FAILED</b></span>
        </td>
      </tr>
      <tr class="event-row">
        <td><span class="badge log fail-bg">Fail</span></td>
        <td>5:33:00 PM</td>
        <td>
          <details><summary><b><font color=red>Exception Occured:Click to view</font></b></summary>[org.openqa.selenium.support.ui.WebDriverWait.timeoutException(WebDriverWait.java:95)<br> org.openqa.selenium.support.ui.FluentWait.until(FluentWait.java:272)<br> com.project.pages.CreateAccountPage.clickSearchProduct(CreateAccountPage.java:300)<br> com.project.testcases.TestSearch.searchProduct(TestSearch.java:69)<br> sun.reflect.NativeMethodAccessorImpl.invoke0(Native Method)<br> sun.reflect.NativeMethodAccessorImpl.invoke(NativeMethodAccessorImpl.java:62)<br> sun.reflect.DelegatingMethodAccessorImpl.invoke(DelegatingMethodAccessorImpl.java:43)<br> java.lang.reflect.Method.invoke(Method.java:498)<br> org.testng.internal.MethodInvocationHelper.invokeMethod(MethodInvocationHelper.java:85)<br> org.testng.internal.Invoker.invokeMethod(Invoker.java:639)<br> org.testng.internal.Invoker.invokeTestMethod(Invoker.java:816)<br> org.testng.internal.Invoker.invokeTestMethods(Invoker.java:1124)<br> org.testng.internal.TestMethodWorker.invokeTestMethods(TestMethodWorker.java:125)<br> org.testng.internal.TestMethodWorker.run(TestMethodWorker.java:108)<br> org.testng.TestRunner.privateRun(TestRunner.java:774)<br> org.testng.TestRunner.run(TestRunner.java:624)<br> org.testng.SuiteRunner.runTest(SuiteRunner.java:359)<br> org.testng.SuiteRunner.runSequentially(SuiteRunner.java:354)<br> org.testng.SuiteRunner.privateRun(SuiteRunner.java:312)<br> org.testng.SuiteRunner.run(SuiteRunner.java:261)<br> org.testng.SuiteRunnerWorker.runSuite(SuiteRunnerWorker.java:52)<br> org.testng.SuiteRunnerWorker.run(SuiteRunnerWorker.java:86)<br> org.testng.TestNG.runSuitesSequentially(TestNG.java:1191)<br> org.testng.TestNG.runSuitesLocally(TestNG.java:1116)<br> org.testng.TestNG.run(TestNG.java:1024)<br> org.apache.maven.surefire.testng.TestNGExecutor.run(TestNGExecutor.java:293)<br> org.apache.maven.surefire.testng.TestNGXmlTestSuite.execute(TestNGXmlTestSuite.java:84)<br> org.apache.maven.surefire.testng.TestNGProvider.invoke(TestNGProvider.java:91)<br> org.apache.maven.surefire.booter.ForkedBooter.invokeProviderInSameClassLoader(ForkedBooter.java:200)<br> org.apache.maven.surefire.booter.ForkedBooter.runSuitesInProcess(ForkedBooter.java:153)<br> org.apache.maven.surefire.booter.ForkedBooter.main(ForkedBooter.java:103)]</details>
        </td>
      </tr>
  </tbody>
</table>
</div>
          </div>
        </li>
        <li class="test-item"  status="fail" test-id="6"
          author=""
          tag=""
          device="">
          <div class="test-detail">
            <p class="name">testValidLogin</p>
            <p class="text-sm">
              <span>17:33:08 PM</span> / <span>00:00:01:600</span>
              <span class="badge fail-bg log float-right">Fail</span>
            </p>
          </div>
          <div class="test-contents d-none">
<div class="detail-head">
<div class="p-v-10">
<div class="info">
<h5 class="test-status text-fail">testValidLogin</h5>
<span class='badge badge-success'>01.03.2021 17:33:08</span>
<span class='badge badge-danger'>01.03.2021 17:33:10</span>
<span class='badge badge-default'>00:00:01:600</span>
&middot; <span class='uri-anchor badge badge-default'>#test-id=6</span>
</div>
</div>
</div><div class="detail-body mt-4">
<table class="table table-sm">
  <thead><tr><th class="status-col">Status</th><th class="timestamp-col">Timestamp</th><th class="details-col">Details</th></tr></thead>
  <tbody>
      <tr class="event-row">
        <td><span class="badge log fail-bg">Fail</span></td>
        <td>5:33:10 PM</td>
        <td>
          <span class='badge white-text red'><b>TestName: TESTVALIDLOGIN   FAILED</b></span>
        </td>
      </tr>
      <tr class="event-row">
        <td><span class="badge log fail-bg">Fail</span></td>
        <td>5:33:10 PM</td>
        <td>
          <details><summary><b><font color=red>Exception Occured:Click to view</font></b></summary>[sun.reflect.GeneratedConstructorAccessor24.newInstance(Unknown Source)<br> sun.reflect.DelegatingConstructorAccessorImpl.newInstance(DelegatingConstructorAccessorImpl.java:45)<br> java.lang.reflect.Constructor.newInstance(Constructor.java:423)<br> org.openqa.selenium.remote.http.W3CHttpResponseCodec.createException(W3CHttpResponseCodec.java:187)<br> org.openqa.selenium.remote.http.W3CHttpResponseCodec.decode(W3CHttpResponseCodec.java:122)<br> org.openqa.selenium.remote.http.W3CHttpResponseCodec.decode(W3CHttpResponseCodec.java:49)<br> org.openqa.selenium.remote.HttpCommandExecutor.execute(HttpCommandExecutor.java:158)<br> org.openqa.selenium.remote.service.DriverCommandExecutor.execute(DriverCommandExecutor.java:83)<br> org.openqa.selenium.remote.RemoteWebDriver.execute(RemoteWebDriver.java:552)<br> org.openqa.selenium.remote.RemoteWebDriver.findElement(RemoteWebDriver.java:323)<br> org.openqa.selenium.remote.RemoteWebDriver.findElementByLinkText(RemoteWebDriver.java:380)<br> org.openqa.selenium.By$ByLinkText.findElement(By.java:220)<br> org.openqa.selenium.remote.RemoteWebDriver.findElement(RemoteWebDriver.java:315)<br> org.openqa.selenium.support.pagefactory.DefaultElementLocator.findElement(DefaultElementLocator.java:69)<br> org.openqa.selenium.support.pagefactory.internal.LocatingElementHandler.invoke(LocatingElementHandler.java:38)<br> com.sun.proxy.$Proxy10.getText(Unknown Source)<br> com.project.pages.CreateAccountPage.verifyLogout(CreateAccountPage.java:264)<br> com.project.testcases.TestLogin.testValidLogin(TestLogin.java:57)<br> sun.reflect.NativeMethodAccessorImpl.invoke0(Native Method)<br> sun.reflect.NativeMethodAccessorImpl.invoke(NativeMethodAccessorImpl.java:62)<br> sun.reflect.DelegatingMethodAccessorImpl.invoke(DelegatingMethodAccessorImpl.java:43)<br> java.lang.reflect.Method.invoke(Method.java:498)<br> org.testng.internal.MethodInvocationHelper.invokeMethod(MethodInvocationHelper.java:85)<br> org.testng.internal.Invoker.invokeMethod(Invoker.java:639)<br> org.testng.internal.Invoker.invokeTestMethod(Invoker.java:816)<br> org.testng.internal.Invoker.invokeTestMethods(Invoker.java:1124)<br> org.testng.internal.TestMethodWorker.invokeTestMethods(TestMethodWorker.java:125)<br> org.testng.internal.TestMethodWorker.run(TestMethodWorker.java:108)<br> org.testng.TestRunner.privateRun(TestRunner.java:774)<br> org.testng.TestRunner.run(TestRunner.java:624)<br> org.testng.SuiteRunner.runTest(SuiteRunner.java:359)<br> org.testng.SuiteRunner.runSequentially(SuiteRunner.java:354)<br> org.testng.SuiteRunner.privateRun(SuiteRunner.java:312)<br> org.testng.SuiteRunner.run(SuiteRunner.java:261)<br> org.testng.SuiteRunnerWorker.runSuite(SuiteRunnerWorker.java:52)<br> org.testng.SuiteRunnerWorker.run(SuiteRunnerWorker.java:86)<br> org.testng.TestNG.runSuitesSequentially(TestNG.java:1191)<br> org.testng.TestNG.runSuitesLocally(TestNG.java:1116)<br> org.testng.TestNG.run(TestNG.java:1024)<br> org.apache.maven.surefire.testng.TestNGExecutor.run(TestNGExecutor.java:293)<br> org.apache.maven.surefire.testng.TestNGXmlTestSuite.execute(TestNGXmlTestSuite.java:84)<br> org.apache.maven.surefire.testng.TestNGProvider.invoke(TestNGProvider.java:91)<br> org.apache.maven.surefire.booter.ForkedBooter.invokeProviderInSameClassLoader(ForkedBooter.java:200)<br> org.apache.maven.surefire.booter.ForkedBooter.runSuitesInProcess(ForkedBooter.java:153)<br> org.apache.maven.surefire.booter.ForkedBooter.main(ForkedBooter.java:103)]</details>
        </td>
      </tr>
  </tbody>
</table>
</div>
          </div>
        </li>
        <li class="test-item"  status="pass" test-id="7"
          author=""
          tag=""
          device="">
          <div class="test-detail">
            <p class="name">testInValidLogin</p>
            <p class="text-sm">
              <span>17:33:18 PM</span> / <span>00:00:03:013</span>
              <span class="badge pass-bg log float-right">Pass</span>
            </p>
          </div>
          <div class="test-contents d-none">
<div class="detail-head">
<div class="p-v-10">
<div class="info">
<h5 class="test-status text-pass">testInValidLogin</h5>
<span class='badge badge-success'>01.03.2021 17:33:18</span>
<span class='badge badge-danger'>01.03.2021 17:33:21</span>
<span class='badge badge-default'>00:00:03:013</span>
&middot; <span class='uri-anchor badge badge-default'>#test-id=7</span>
</div>
</div>
</div><div class="detail-body mt-4">
<table class="table table-sm">
  <thead><tr><th class="status-col">Status</th><th class="timestamp-col">Timestamp</th><th class="details-col">Details</th></tr></thead>
  <tbody>
      <tr class="event-row">
        <td><span class="badge log pass-bg">Pass</span></td>
        <td>5:33:21 PM</td>
        <td>
          <span class='badge white-text green'><b>TestName: TESTINVALIDLOGIN   PASSED</b></span>
        </td>
      </tr>
  </tbody>
</table>
</div>
          </div>
        </li>
        <li class="test-item"  status="fail" test-id="8"
          author=""
          tag=""
          device="">
          <div class="test-detail">
            <p class="name">enterReview</p>
            <p class="text-sm">
              <span>17:33:28 PM</span> / <span>00:00:01:816</span>
              <span class="badge fail-bg log float-right">Fail</span>
            </p>
          </div>
          <div class="test-contents d-none">
<div class="detail-head">
<div class="p-v-10">
<div class="info">
<h5 class="test-status text-fail">enterReview</h5>
<span class='badge badge-success'>01.03.2021 17:33:28</span>
<span class='badge badge-danger'>01.03.2021 17:33:30</span>
<span class='badge badge-default'>00:00:01:816</span>
&middot; <span class='uri-anchor badge badge-default'>#test-id=8</span>
</div>
</div>
</div><div class="detail-body mt-4">
<table class="table table-sm">
  <thead><tr><th class="status-col">Status</th><th class="timestamp-col">Timestamp</th><th class="details-col">Details</th></tr></thead>
  <tbody>
      <tr class="event-row">
        <td><span class="badge log fail-bg">Fail</span></td>
        <td>5:33:30 PM</td>
        <td>
          <span class='badge white-text red'><b>TestName: ENTERREVIEW   FAILED</b></span>
        </td>
      </tr>
      <tr class="event-row">
        <td><span class="badge log fail-bg">Fail</span></td>
        <td>5:33:30 PM</td>
        <td>
          <details><summary><b><font color=red>Exception Occured:Click to view</font></b></summary>[sun.reflect.GeneratedConstructorAccessor24.newInstance(Unknown Source)<br> sun.reflect.DelegatingConstructorAccessorImpl.newInstance(DelegatingConstructorAccessorImpl.java:45)<br> java.lang.reflect.Constructor.newInstance(Constructor.java:423)<br> org.openqa.selenium.remote.http.W3CHttpResponseCodec.createException(W3CHttpResponseCodec.java:187)<br> org.openqa.selenium.remote.http.W3CHttpResponseCodec.decode(W3CHttpResponseCodec.java:122)<br> org.openqa.selenium.remote.http.W3CHttpResponseCodec.decode(W3CHttpResponseCodec.java:49)<br> org.openqa.selenium.remote.HttpCommandExecutor.execute(HttpCommandExecutor.java:158)<br> org.openqa.selenium.remote.service.DriverCommandExecutor.execute(DriverCommandExecutor.java:83)<br> org.openqa.selenium.remote.RemoteWebDriver.execute(RemoteWebDriver.java:552)<br> org.openqa.selenium.remote.RemoteWebDriver.findElement(RemoteWebDriver.java:323)<br> org.openqa.selenium.remote.RemoteWebDriver.findElementByXPath(RemoteWebDriver.java:428)<br> org.openqa.selenium.By$ByXPath.findElement(By.java:353)<br> org.openqa.selenium.remote.RemoteWebDriver.findElement(RemoteWebDriver.java:315)<br> org.openqa.selenium.support.pagefactory.DefaultElementLocator.findElement(DefaultElementLocator.java:69)<br> org.openqa.selenium.support.pagefactory.internal.LocatingElementHandler.invoke(LocatingElementHandler.java:38)<br> com.sun.proxy.$Proxy10.click(Unknown Source)<br> com.project.pages.ProductPage.clickProduct1(ProductPage.java:94)<br> com.project.testcases.TestSearch.enterReview(TestSearch.java:87)<br> sun.reflect.NativeMethodAccessorImpl.invoke0(Native Method)<br> sun.reflect.NativeMethodAccessorImpl.invoke(NativeMethodAccessorImpl.java:62)<br> sun.reflect.DelegatingMethodAccessorImpl.invoke(DelegatingMethodAccessorImpl.java:43)<br> java.lang.reflect.Method.invoke(Method.java:498)<br> org.testng.internal.MethodInvocationHelper.invokeMethod(MethodInvocationHelper.java:85)<br> org.testng.internal.Invoker.invokeMethod(Invoker.java:639)<br> org.testng.internal.Invoker.invokeTestMethod(Invoker.java:816)<br> org.testng.internal.Invoker.invokeTestMethods(Invoker.java:1124)<br> org.testng.internal.TestMethodWorker.invokeTestMethods(TestMethodWorker.java:125)<br> org.testng.internal.TestMethodWorker.run(TestMethodWorker.java:108)<br> org.testng.TestRunner.privateRun(TestRunner.java:774)<br> org.testng.TestRunner.run(TestRunner.java:624)<br> org.testng.SuiteRunner.runTest(SuiteRunner.java:359)<br> org.testng.SuiteRunner.runSequentially(SuiteRunner.java:354)<br> org.testng.SuiteRunner.privateRun(SuiteRunner.java:312)<br> org.testng.SuiteRunner.run(SuiteRunner.java:261)<br> org.testng.SuiteRunnerWorker.runSuite(SuiteRunnerWorker.java:52)<br> org.testng.SuiteRunnerWorker.run(SuiteRunnerWorker.java:86)<br> org.testng.TestNG.runSuitesSequentially(TestNG.java:1191)<br> org.testng.TestNG.runSuitesLocally(TestNG.java:1116)<br> org.testng.TestNG.run(TestNG.java:1024)<br> org.apache.maven.surefire.testng.TestNGExecutor.run(TestNGExecutor.java:293)<br> org.apache.maven.surefire.testng.TestNGXmlTestSuite.execute(TestNGXmlTestSuite.java:84)<br> org.apache.maven.surefire.testng.TestNGProvider.invoke(TestNGProvider.java:91)<br> org.apache.maven.surefire.booter.ForkedBooter.invokeProviderInSameClassLoader(ForkedBooter.java:200)<br> org.apache.maven.surefire.booter.ForkedBooter.runSuitesInProcess(ForkedBooter.java:153)<br> org.apache.maven.surefire.booter.ForkedBooter.main(ForkedBooter.java:103)]</details>
        </td>
      </tr>
  </tbody>
</table>
</div>
          </div>
        </li>
        <li class="test-item"  status="fail" test-id="9"
          author=""
          tag=""
          device="">
          <div class="test-detail">
            <p class="name">enterPinterest</p>
            <p class="text-sm">
              <span>17:33:38 PM</span> / <span>00:00:03:036</span>
              <span class="badge fail-bg log float-right">Fail</span>
            </p>
          </div>
          <div class="test-contents d-none">
<div class="detail-head">
<div class="p-v-10">
<div class="info">
<h5 class="test-status text-fail">enterPinterest</h5>
<span class='badge badge-success'>01.03.2021 17:33:38</span>
<span class='badge badge-danger'>01.03.2021 17:33:41</span>
<span class='badge badge-default'>00:00:03:036</span>
&middot; <span class='uri-anchor badge badge-default'>#test-id=9</span>
</div>
</div>
</div><div class="detail-body mt-4">
<table class="table table-sm">
  <thead><tr><th class="status-col">Status</th><th class="timestamp-col">Timestamp</th><th class="details-col">Details</th></tr></thead>
  <tbody>
      <tr class="event-row">
        <td><span class="badge log fail-bg">Fail</span></td>
        <td>5:33:41 PM</td>
        <td>
          <span class='badge white-text red'><b>TestName: ENTERPINTEREST   FAILED</b></span>
        </td>
      </tr>
      <tr class="event-row">
        <td><span class="badge log fail-bg">Fail</span></td>
        <td>5:33:41 PM</td>
        <td>
          <details><summary><b><font color=red>Exception Occured:Click to view</font></b></summary>[sun.reflect.GeneratedConstructorAccessor24.newInstance(Unknown Source)<br> sun.reflect.DelegatingConstructorAccessorImpl.newInstance(DelegatingConstructorAccessorImpl.java:45)<br> java.lang.reflect.Constructor.newInstance(Constructor.java:423)<br> org.openqa.selenium.remote.http.W3CHttpResponseCodec.createException(W3CHttpResponseCodec.java:187)<br> org.openqa.selenium.remote.http.W3CHttpResponseCodec.decode(W3CHttpResponseCodec.java:122)<br> org.openqa.selenium.remote.http.W3CHttpResponseCodec.decode(W3CHttpResponseCodec.java:49)<br> org.openqa.selenium.remote.HttpCommandExecutor.execute(HttpCommandExecutor.java:158)<br> org.openqa.selenium.remote.service.DriverCommandExecutor.execute(DriverCommandExecutor.java:83)<br> org.openqa.selenium.remote.RemoteWebDriver.execute(RemoteWebDriver.java:552)<br> org.openqa.selenium.remote.RemoteWebDriver.findElement(RemoteWebDriver.java:323)<br> org.openqa.selenium.remote.RemoteWebDriver.findElementByXPath(RemoteWebDriver.java:428)<br> org.openqa.selenium.By$ByXPath.findElement(By.java:353)<br> org.openqa.selenium.remote.RemoteWebDriver.findElement(RemoteWebDriver.java:315)<br> org.openqa.selenium.support.pagefactory.DefaultElementLocator.findElement(DefaultElementLocator.java:69)<br> org.openqa.selenium.support.pagefactory.internal.LocatingElementHandler.invoke(LocatingElementHandler.java:38)<br> com.sun.proxy.$Proxy10.click(Unknown Source)<br> com.project.pages.ProductPage.clickProduct1(ProductPage.java:94)<br> com.project.testcases.TestSearch.enterPinterest(TestSearch.java:111)<br> sun.reflect.NativeMethodAccessorImpl.invoke0(Native Method)<br> sun.reflect.NativeMethodAccessorImpl.invoke(NativeMethodAccessorImpl.java:62)<br> sun.reflect.DelegatingMethodAccessorImpl.invoke(DelegatingMethodAccessorImpl.java:43)<br> java.lang.reflect.Method.invoke(Method.java:498)<br> org.testng.internal.MethodInvocationHelper.invokeMethod(MethodInvocationHelper.java:85)<br> org.testng.internal.Invoker.invokeMethod(Invoker.java:639)<br> org.testng.internal.Invoker.invokeTestMethod(Invoker.java:816)<br> org.testng.internal.Invoker.invokeTestMethods(Invoker.java:1124)<br> org.testng.internal.TestMethodWorker.invokeTestMethods(TestMethodWorker.java:125)<br> org.testng.internal.TestMethodWorker.run(TestMethodWorker.java:108)<br> org.testng.TestRunner.privateRun(TestRunner.java:774)<br> org.testng.TestRunner.run(TestRunner.java:624)<br> org.testng.SuiteRunner.runTest(SuiteRunner.java:359)<br> org.testng.SuiteRunner.runSequentially(SuiteRunner.java:354)<br> org.testng.SuiteRunner.privateRun(SuiteRunner.java:312)<br> org.testng.SuiteRunner.run(SuiteRunner.java:261)<br> org.testng.SuiteRunnerWorker.runSuite(SuiteRunnerWorker.java:52)<br> org.testng.SuiteRunnerWorker.run(SuiteRunnerWorker.java:86)<br> org.testng.TestNG.runSuitesSequentially(TestNG.java:1191)<br> org.testng.TestNG.runSuitesLocally(TestNG.java:1116)<br> org.testng.TestNG.run(TestNG.java:1024)<br> org.apache.maven.surefire.testng.TestNGExecutor.run(TestNGExecutor.java:293)<br> org.apache.maven.surefire.testng.TestNGXmlTestSuite.execute(TestNGXmlTestSuite.java:84)<br> org.apache.maven.surefire.testng.TestNGProvider.invoke(TestNGProvider.java:91)<br> org.apache.maven.surefire.booter.ForkedBooter.invokeProviderInSameClassLoader(ForkedBooter.java:200)<br> org.apache.maven.surefire.booter.ForkedBooter.runSuitesInProcess(ForkedBooter.java:153)<br> org.apache.maven.surefire.booter.ForkedBooter.main(ForkedBooter.java:103)]</details>
        </td>
      </tr>
  </tbody>
</table>
</div>
          </div>
        </li>
        <li class="test-item"  status="fail" test-id="10"
          author=""
          tag=""
          device="">
          <div class="test-detail">
            <p class="name">enterFaceBook</p>
            <p class="text-sm">
              <span>17:33:49 PM</span> / <span>00:00:02:154</span>
              <span class="badge fail-bg log float-right">Fail</span>
            </p>
          </div>
          <div class="test-contents d-none">
<div class="detail-head">
<div class="p-v-10">
<div class="info">
<h5 class="test-status text-fail">enterFaceBook</h5>
<span class='badge badge-success'>01.03.2021 17:33:49</span>
<span class='badge badge-danger'>01.03.2021 17:33:51</span>
<span class='badge badge-default'>00:00:02:154</span>
&middot; <span class='uri-anchor badge badge-default'>#test-id=10</span>
</div>
</div>
</div><div class="detail-body mt-4">
<table class="table table-sm">
  <thead><tr><th class="status-col">Status</th><th class="timestamp-col">Timestamp</th><th class="details-col">Details</th></tr></thead>
  <tbody>
      <tr class="event-row">
        <td><span class="badge log fail-bg">Fail</span></td>
        <td>5:33:51 PM</td>
        <td>
          <span class='badge white-text red'><b>TestName: ENTERFACEBOOK   FAILED</b></span>
        </td>
      </tr>
      <tr class="event-row">
        <td><span class="badge log fail-bg">Fail</span></td>
        <td>5:33:51 PM</td>
        <td>
          <details><summary><b><font color=red>Exception Occured:Click to view</font></b></summary>[sun.reflect.GeneratedConstructorAccessor24.newInstance(Unknown Source)<br> sun.reflect.DelegatingConstructorAccessorImpl.newInstance(DelegatingConstructorAccessorImpl.java:45)<br> java.lang.reflect.Constructor.newInstance(Constructor.java:423)<br> org.openqa.selenium.remote.http.W3CHttpResponseCodec.createException(W3CHttpResponseCodec.java:187)<br> org.openqa.selenium.remote.http.W3CHttpResponseCodec.decode(W3CHttpResponseCodec.java:122)<br> org.openqa.selenium.remote.http.W3CHttpResponseCodec.decode(W3CHttpResponseCodec.java:49)<br> org.openqa.selenium.remote.HttpCommandExecutor.execute(HttpCommandExecutor.java:158)<br> org.openqa.selenium.remote.service.DriverCommandExecutor.execute(DriverCommandExecutor.java:83)<br> org.openqa.selenium.remote.RemoteWebDriver.execute(RemoteWebDriver.java:552)<br> org.openqa.selenium.remote.RemoteWebDriver.findElement(RemoteWebDriver.java:323)<br> org.openqa.selenium.remote.RemoteWebDriver.findElementByXPath(RemoteWebDriver.java:428)<br> org.openqa.selenium.By$ByXPath.findElement(By.java:353)<br> org.openqa.selenium.remote.RemoteWebDriver.findElement(RemoteWebDriver.java:315)<br> org.openqa.selenium.support.pagefactory.DefaultElementLocator.findElement(DefaultElementLocator.java:69)<br> org.openqa.selenium.support.pagefactory.internal.LocatingElementHandler.invoke(LocatingElementHandler.java:38)<br> com.sun.proxy.$Proxy10.click(Unknown Source)<br> com.project.pages.ProductPage.clickProduct1(ProductPage.java:94)<br> com.project.testcases.TestSearch.enterFaceBook(TestSearch.java:132)<br> sun.reflect.NativeMethodAccessorImpl.invoke0(Native Method)<br> sun.reflect.NativeMethodAccessorImpl.invoke(NativeMethodAccessorImpl.java:62)<br> sun.reflect.DelegatingMethodAccessorImpl.invoke(DelegatingMethodAccessorImpl.java:43)<br> java.lang.reflect.Method.invoke(Method.java:498)<br> org.testng.internal.MethodInvocationHelper.invokeMethod(MethodInvocationHelper.java:85)<br> org.testng.internal.Invoker.invokeMethod(Invoker.java:639)<br> org.testng.internal.Invoker.invokeTestMethod(Invoker.java:816)<br> org.testng.internal.Invoker.invokeTestMethods(Invoker.java:1124)<br> org.testng.internal.TestMethodWorker.invokeTestMethods(TestMethodWorker.java:125)<br> org.testng.internal.TestMethodWorker.run(TestMethodWorker.java:108)<br> org.testng.TestRunner.privateRun(TestRunner.java:774)<br> org.testng.TestRunner.run(TestRunner.java:624)<br> org.testng.SuiteRunner.runTest(SuiteRunner.java:359)<br> org.testng.SuiteRunner.runSequentially(SuiteRunner.java:354)<br> org.testng.SuiteRunner.privateRun(SuiteRunner.java:312)<br> org.testng.SuiteRunner.run(SuiteRunner.java:261)<br> org.testng.SuiteRunnerWorker.runSuite(SuiteRunnerWorker.java:52)<br> org.testng.SuiteRunnerWorker.run(SuiteRunnerWorker.java:86)<br> org.testng.TestNG.runSuitesSequentially(TestNG.java:1191)<br> org.testng.TestNG.runSuitesLocally(TestNG.java:1116)<br> org.testng.TestNG.run(TestNG.java:1024)<br> org.apache.maven.surefire.testng.TestNGExecutor.run(TestNGExecutor.java:293)<br> org.apache.maven.surefire.testng.TestNGXmlTestSuite.execute(TestNGXmlTestSuite.java:84)<br> org.apache.maven.surefire.testng.TestNGProvider.invoke(TestNGProvider.java:91)<br> org.apache.maven.surefire.booter.ForkedBooter.invokeProviderInSameClassLoader(ForkedBooter.java:200)<br> org.apache.maven.surefire.booter.ForkedBooter.runSuitesInProcess(ForkedBooter.java:153)<br> org.apache.maven.surefire.booter.ForkedBooter.main(ForkedBooter.java:103)]</details>
        </td>
      </tr>
  </tbody>
</table>
</div>
          </div>
        </li>
        <li class="test-item"  status="fail" test-id="11"
          author=""
          tag=""
          device="">
          <div class="test-detail">
            <p class="name">enterGPlus</p>
            <p class="text-sm">
              <span>17:33:59 PM</span> / <span>00:00:02:081</span>
              <span class="badge fail-bg log float-right">Fail</span>
            </p>
          </div>
          <div class="test-contents d-none">
<div class="detail-head">
<div class="p-v-10">
<div class="info">
<h5 class="test-status text-fail">enterGPlus</h5>
<span class='badge badge-success'>01.03.2021 17:33:59</span>
<span class='badge badge-danger'>01.03.2021 17:34:01</span>
<span class='badge badge-default'>00:00:02:081</span>
&middot; <span class='uri-anchor badge badge-default'>#test-id=11</span>
</div>
</div>
</div><div class="detail-body mt-4">
<table class="table table-sm">
  <thead><tr><th class="status-col">Status</th><th class="timestamp-col">Timestamp</th><th class="details-col">Details</th></tr></thead>
  <tbody>
      <tr class="event-row">
        <td><span class="badge log fail-bg">Fail</span></td>
        <td>5:34:01 PM</td>
        <td>
          <span class='badge white-text red'><b>TestName: ENTERGPLUS   FAILED</b></span>
        </td>
      </tr>
      <tr class="event-row">
        <td><span class="badge log fail-bg">Fail</span></td>
        <td>5:34:01 PM</td>
        <td>
          <details><summary><b><font color=red>Exception Occured:Click to view</font></b></summary>[sun.reflect.GeneratedConstructorAccessor24.newInstance(Unknown Source)<br> sun.reflect.DelegatingConstructorAccessorImpl.newInstance(DelegatingConstructorAccessorImpl.java:45)<br> java.lang.reflect.Constructor.newInstance(Constructor.java:423)<br> org.openqa.selenium.remote.http.W3CHttpResponseCodec.createException(W3CHttpResponseCodec.java:187)<br> org.openqa.selenium.remote.http.W3CHttpResponseCodec.decode(W3CHttpResponseCodec.java:122)<br> org.openqa.selenium.remote.http.W3CHttpResponseCodec.decode(W3CHttpResponseCodec.java:49)<br> org.openqa.selenium.remote.HttpCommandExecutor.execute(HttpCommandExecutor.java:158)<br> org.openqa.selenium.remote.service.DriverCommandExecutor.execute(DriverCommandExecutor.java:83)<br> org.openqa.selenium.remote.RemoteWebDriver.execute(RemoteWebDriver.java:552)<br> org.openqa.selenium.remote.RemoteWebDriver.findElement(RemoteWebDriver.java:323)<br> org.openqa.selenium.remote.RemoteWebDriver.findElementByXPath(RemoteWebDriver.java:428)<br> org.openqa.selenium.By$ByXPath.findElement(By.java:353)<br> org.openqa.selenium.remote.RemoteWebDriver.findElement(RemoteWebDriver.java:315)<br> org.openqa.selenium.support.pagefactory.DefaultElementLocator.findElement(DefaultElementLocator.java:69)<br> org.openqa.selenium.support.pagefactory.internal.LocatingElementHandler.invoke(LocatingElementHandler.java:38)<br> com.sun.proxy.$Proxy10.click(Unknown Source)<br> com.project.pages.ProductPage.clickProduct1(ProductPage.java:94)<br> com.project.testcases.TestSearch.enterGPlus(TestSearch.java:151)<br> sun.reflect.NativeMethodAccessorImpl.invoke0(Native Method)<br> sun.reflect.NativeMethodAccessorImpl.invoke(NativeMethodAccessorImpl.java:62)<br> sun.reflect.DelegatingMethodAccessorImpl.invoke(DelegatingMethodAccessorImpl.java:43)<br> java.lang.reflect.Method.invoke(Method.java:498)<br> org.testng.internal.MethodInvocationHelper.invokeMethod(MethodInvocationHelper.java:85)<br> org.testng.internal.Invoker.invokeMethod(Invoker.java:639)<br> org.testng.internal.Invoker.invokeTestMethod(Invoker.java:816)<br> org.testng.internal.Invoker.invokeTestMethods(Invoker.java:1124)<br> org.testng.internal.TestMethodWorker.invokeTestMethods(TestMethodWorker.java:125)<br> org.testng.internal.TestMethodWorker.run(TestMethodWorker.java:108)<br> org.testng.TestRunner.privateRun(TestRunner.java:774)<br> org.testng.TestRunner.run(TestRunner.java:624)<br> org.testng.SuiteRunner.runTest(SuiteRunner.java:359)<br> org.testng.SuiteRunner.runSequentially(SuiteRunner.java:354)<br> org.testng.SuiteRunner.privateRun(SuiteRunner.java:312)<br> org.testng.SuiteRunner.run(SuiteRunner.java:261)<br> org.testng.SuiteRunnerWorker.runSuite(SuiteRunnerWorker.java:52)<br> org.testng.SuiteRunnerWorker.run(SuiteRunnerWorker.java:86)<br> org.testng.TestNG.runSuitesSequentially(TestNG.java:1191)<br> org.testng.TestNG.runSuitesLocally(TestNG.java:1116)<br> org.testng.TestNG.run(TestNG.java:1024)<br> org.apache.maven.surefire.testng.TestNGExecutor.run(TestNGExecutor.java:293)<br> org.apache.maven.surefire.testng.TestNGXmlTestSuite.execute(TestNGXmlTestSuite.java:84)<br> org.apache.maven.surefire.testng.TestNGProvider.invoke(TestNGProvider.java:91)<br> org.apache.maven.surefire.booter.ForkedBooter.invokeProviderInSameClassLoader(ForkedBooter.java:200)<br> org.apache.maven.surefire.booter.ForkedBooter.runSuitesInProcess(ForkedBooter.java:153)<br> org.apache.maven.surefire.booter.ForkedBooter.main(ForkedBooter.java:103)]</details>
        </td>
      </tr>
  </tbody>
</table>
</div>
          </div>
        </li>
      </ul>
    </div>
  </div>
<div class="test-content scrollable">
<div class="test-content-tools">
<ul><li><a class="back-to-test" href="#"><i class="fa fa-arrow-left"></i></a></li></ul>
</div>
<div class="test-content-detail"><div class="detail-body"></div></div>
</div></div>
<div class="container-fluid p-4 view dashboard-view">
<div class="row">
<div class="col-md-3">
<div class="card"><div class="card-body">
<p class="m-b-0">Started</p>
<h3>Jan 3, 2021 05:31:24 PM</h3>
</div></div>
</div>
<div class="col-md-3">
<div class="card"><div class="card-body">
<p class="m-b-0">Ended</p>
<h3>Jan 3, 2021 05:34:01 PM</h3>
</div></div>
</div>
<div class="col-md-3">
<div class="card"><div class="card-body">
<p class="m-b-0 text-pass">Tests Passed</p>
<h3>4</h3>
</div></div>
</div>
<div class="col-md-3">
<div class="card"><div class="card-body">
<p class="m-b-0 text-fail">Tests Failed</p>
<h3>7</h3>
</div></div>
</div>
</div>
<div class="row">
<div class="col-md-6">
<div class="card">
<div class="card-header">
<h6 class="card-title">Tests</h6>
</div>
<div class="card-body">
<div class="">
<canvas id='parent-analysis' width='115' height='90'></canvas>
</div>
</div>
<div class="card-footer">
<div><small data-tooltip='36%'>
<b>4</b> tests passed
</small>
</div>
<div>
<small data-tooltip='63%'><b>7</b> tests failed,
<b>0</b> skipped, <b data-tooltip='0%'>0</b> others
</small>
</div>
</div>
</div>
</div>
<div class="col-md-6">
<div class="card">
<div class="card-header">
<h6 class="card-title">Log events</h6>
</div>
<div class="card-body">
<div class="">
<canvas id='events-analysis' width='115' height='90'></canvas>
</div>
</div>
<div class="card-footer">
<div><small data-tooltip='22%'><b>4</b> events passed</small></div>
<div>
<small data-tooltip='77%'><b>14</b> events failed,
<b data-tooltip='%'>0</b> others
</small>
</div>
</div>
</div>
</div>
</div>
<div class="row"><div class="col-md-12">
<div class="card"><div class="card-header"><p>Timeline</p></div>
<div class="card-body pt-0"><div>
<canvas id="timeline" height="120"></canvas>
</div></div>
</div>
</div></div>
<script>
var timeline = {
"accountSetup":9.617,"checkCountry":6.298,"createOrder":21.723,"searchManufacturer":4.959,"searchProduct":11.637,"testValidLogin":1.6,"testInValidLogin":3.013,"enterReview":1.816,"enterPinterest":3.036,"enterFaceBook":2.154,"enterGPlus":2.081
};
</script>
<div class="row">
<div class="col-lg-6 col-md-12 sysenv-container">
<div class="card">
<div class="card-header"><p>System/Environment</p></div>
<div class="card-body pb-0 pt-0"><table class="table table-sm table-bordered">
<thead><tr class="bg-gray"><th>Name</th><th>Value</th></tr></thead>
<tbody>
<tr>
<td>Project Name</td>
<td>Simplilearn Assessment</td>
</tr>
<tr>
<td>Application Name</td>
<td>Demo -eCommerce Application</td>
</tr>
<tr>
<td>Platform</td>
<td>Win 10</td>
</tr>
</tbody>
</table></div>
</div>
</div>
</div>
</div>
<script>
var statusGroup = {
parentCount: 5,
passParent: 4,
failParent: 7,
warningParent: 0,
skipParent: 0,
childCount: 5,
passChild: 0,
failChild: 0,
warningChild: 0,
skipChild: 0,
infoChild: 0,
grandChildCount: 5,
passGrandChild: 0,
failGrandChild: 0,
warningGrandChild: 0,
skipGrandChild: 0,
infoGrandChild: 0,
eventsCount: 5,
passEvents: 4,
failEvents: 14,
warningEvents: 0,
skipEvents: 0,
infoEvents: 0
};
</script>        </div>
      </div>
    </div>
  </div>
<script src="https://cdn.jsdelivr.net/gh/extent-framework/extent-github-cdn@14e9bb345ef7e2ed3a102f271d84e9f0267c88e7/spark/js/spark-script.js"></script>
<script type="text/javascript"></script></body>
</html>